2025-12-22 22:10:33.003 [info] [main] Log level: Info
2025-12-22 22:10:33.003 [info] [main] Validating found git in: "git"
2025-12-22 22:10:33.003 [info] [main] Using git "2.52.0" from "git"
2025-12-22 22:10:33.003 [info] [Model][doInitialScan] Initial repository scan started
2025-12-22 22:10:33.003 [info] > git rev-parse --show-toplevel [24ms]
2025-12-22 22:10:33.003 [info] fatal: not a git repository (or any parent up to mount point /)
Stopping at filesystem boundary (GIT_DISCOVERY_ACROSS_FILESYSTEM not set).
2025-12-22 22:10:33.003 [info] > git rev-parse --show-toplevel [7ms]
2025-12-22 22:10:33.003 [info] fatal: not a git repository (or any parent up to mount point /)
Stopping at filesystem boundary (GIT_DISCOVERY_ACROSS_FILESYSTEM not set).
2025-12-22 22:10:33.003 [info] > git rev-parse --show-toplevel [11ms]
2025-12-22 22:10:33.003 [info] fatal: not a git repository (or any parent up to mount point /)
Stopping at filesystem boundary (GIT_DISCOVERY_ACROSS_FILESYSTEM not set).
2025-12-22 22:10:33.003 [info] > git rev-parse --show-toplevel [7ms]
2025-12-22 22:10:33.003 [info] fatal: not a git repository (or any parent up to mount point /)
Stopping at filesystem boundary (GIT_DISCOVERY_ACROSS_FILESYSTEM not set).
2025-12-22 22:10:33.003 [info] > git rev-parse --show-toplevel [10ms]
2025-12-22 22:10:33.003 [info] fatal: not a git repository (or any parent up to mount point /)
Stopping at filesystem boundary (GIT_DISCOVERY_ACROSS_FILESYSTEM not set).
2025-12-22 22:10:33.003 [info] > git rev-parse --show-toplevel [3ms]
2025-12-22 22:10:33.003 [info] fatal: not a git repository (or any parent up to mount point /)
Stopping at filesystem boundary (GIT_DISCOVERY_ACROSS_FILESYSTEM not set).
2025-12-22 22:10:33.003 [info] > git rev-parse --show-toplevel [5ms]
2025-12-22 22:10:33.003 [info] fatal: not a git repository (or any parent up to mount point /)
Stopping at filesystem boundary (GIT_DISCOVERY_ACROSS_FILESYSTEM not set).
2025-12-22 22:10:33.003 [info] > git rev-parse --show-toplevel [6ms]
2025-12-22 22:10:33.003 [info] fatal: not a git repository (or any parent up to mount point /)
Stopping at filesystem boundary (GIT_DISCOVERY_ACROSS_FILESYSTEM not set).
2025-12-22 22:10:33.003 [info] > git rev-parse --show-toplevel [4ms]
2025-12-22 22:10:33.003 [info] fatal: not a git repository (or any parent up to mount point /)
Stopping at filesystem boundary (GIT_DISCOVERY_ACROSS_FILESYSTEM not set).
2025-12-22 22:10:33.003 [info] > git rev-parse --show-toplevel [5ms]
2025-12-22 22:10:33.003 [info] fatal: not a git repository (or any parent up to mount point /)
Stopping at filesystem boundary (GIT_DISCOVERY_ACROSS_FILESYSTEM not set).
2025-12-22 22:10:33.034 [info] > git rev-parse --show-toplevel [24ms]
2025-12-22 22:10:33.034 [info] fatal: not a git repository (or any parent up to mount point /)
Stopping at filesystem boundary (GIT_DISCOVERY_ACROSS_FILESYSTEM not set).
2025-12-22 22:10:33.045 [info] > git rev-parse --show-toplevel [5ms]
2025-12-22 22:10:33.045 [info] fatal: not a git repository (or any parent up to mount point /)
Stopping at filesystem boundary (GIT_DISCOVERY_ACROSS_FILESYSTEM not set).
2025-12-22 22:10:33.099 [info] > git rev-parse --show-toplevel [47ms]
2025-12-22 22:10:33.099 [info] fatal: not a git repository (or any parent up to mount point /)
Stopping at filesystem boundary (GIT_DISCOVERY_ACROSS_FILESYSTEM not set).
2025-12-22 22:10:33.218 [info] > git rev-parse --show-toplevel [18ms]
2025-12-22 22:10:33.218 [info] fatal: not a git repository (or any parent up to mount point /)
Stopping at filesystem boundary (GIT_DISCOVERY_ACROSS_FILESYSTEM not set).
2025-12-22 22:10:33.234 [info] > git rev-parse --show-toplevel [4ms]
2025-12-22 22:10:33.234 [info] fatal: not a git repository (or any parent up to mount point /)
Stopping at filesystem boundary (GIT_DISCOVERY_ACROSS_FILESYSTEM not set).
2025-12-22 22:10:33.245 [info] > git rev-parse --show-toplevel [3ms]
2025-12-22 22:10:33.245 [info] fatal: not a git repository (or any parent up to mount point /)
Stopping at filesystem boundary (GIT_DISCOVERY_ACROSS_FILESYSTEM not set).
2025-12-22 22:10:33.253 [info] > git rev-parse --show-toplevel [3ms]
2025-12-22 22:10:33.253 [info] fatal: not a git repository (or any parent up to mount point /)
Stopping at filesystem boundary (GIT_DISCOVERY_ACROSS_FILESYSTEM not set).
2025-12-22 22:10:33.264 [info] > git rev-parse --show-toplevel [2ms]
2025-12-22 22:10:33.264 [info] fatal: not a git repository (or any parent up to mount point /)
Stopping at filesystem boundary (GIT_DISCOVERY_ACROSS_FILESYSTEM not set).
2025-12-22 22:10:33.274 [info] > git rev-parse --show-toplevel [5ms]
2025-12-22 22:10:33.274 [info] fatal: not a git repository (or any parent up to mount point /)
Stopping at filesystem boundary (GIT_DISCOVERY_ACROSS_FILESYSTEM not set).
2025-12-22 22:10:33.291 [info] > git rev-parse --show-toplevel [9ms]
2025-12-22 22:10:33.291 [info] fatal: not a git repository (or any parent up to mount point /)
Stopping at filesystem boundary (GIT_DISCOVERY_ACROSS_FILESYSTEM not set).
2025-12-22 22:10:33.301 [info] > git rev-parse --show-toplevel [3ms]
2025-12-22 22:10:33.301 [info] fatal: not a git repository (or any parent up to mount point /)
Stopping at filesystem boundary (GIT_DISCOVERY_ACROSS_FILESYSTEM not set).
2025-12-22 22:10:33.309 [info] > git rev-parse --show-toplevel [3ms]
2025-12-22 22:10:33.309 [info] fatal: not a git repository (or any parent up to mount point /)
Stopping at filesystem boundary (GIT_DISCOVERY_ACROSS_FILESYSTEM not set).
2025-12-22 22:10:33.344 [info] > git rev-parse --show-toplevel [27ms]
2025-12-22 22:10:33.344 [info] fatal: not a git repository (or any parent up to mount point /)
Stopping at filesystem boundary (GIT_DISCOVERY_ACROSS_FILESYSTEM not set).
2025-12-22 22:10:33.367 [info] > git rev-parse --show-toplevel [4ms]
2025-12-22 22:10:33.367 [info] fatal: not a git repository (or any parent up to mount point /)
Stopping at filesystem boundary (GIT_DISCOVERY_ACROSS_FILESYSTEM not set).
2025-12-22 22:10:33.383 [info] > git rev-parse --show-toplevel [2ms]
2025-12-22 22:10:33.384 [info] fatal: not a git repository (or any parent up to mount point /)
Stopping at filesystem boundary (GIT_DISCOVERY_ACROSS_FILESYSTEM not set).
2025-12-22 22:10:33.399 [info] > git rev-parse --show-toplevel [2ms]
2025-12-22 22:10:33.399 [info] fatal: not a git repository (or any parent up to mount point /)
Stopping at filesystem boundary (GIT_DISCOVERY_ACROSS_FILESYSTEM not set).
2025-12-22 22:10:33.411 [info] > git rev-parse --show-toplevel [2ms]
2025-12-22 22:10:33.411 [info] fatal: not a git repository (or any parent up to mount point /)
Stopping at filesystem boundary (GIT_DISCOVERY_ACROSS_FILESYSTEM not set).
2025-12-22 22:10:33.450 [info] > git rev-parse --show-toplevel [6ms]
2025-12-22 22:10:33.450 [info] fatal: not a git repository (or any parent up to mount point /)
Stopping at filesystem boundary (GIT_DISCOVERY_ACROSS_FILESYSTEM not set).
2025-12-22 22:10:33.546 [info] > git rev-parse --show-toplevel [4ms]
2025-12-22 22:10:33.546 [info] fatal: not a git repository (or any parent up to mount point /)
Stopping at filesystem boundary (GIT_DISCOVERY_ACROSS_FILESYSTEM not set).
2025-12-22 22:10:33.566 [info] > git rev-parse --show-toplevel [2ms]
2025-12-22 22:10:33.566 [info] fatal: not a git repository (or any parent up to mount point /)
Stopping at filesystem boundary (GIT_DISCOVERY_ACROSS_FILESYSTEM not set).
2025-12-22 22:10:33.578 [info] > git rev-parse --show-toplevel [3ms]
2025-12-22 22:10:33.591 [info] > git rev-parse --git-dir --git-common-dir --show-superproject-working-tree [6ms]
2025-12-22 22:10:33.626 [info] [Model][openRepository] Opened repository (path): /home/z3ncoding/HyDE
2025-12-22 22:10:33.626 [info] [Model][openRepository] Opened repository (real path): /home/z3ncoding/HyDE
2025-12-22 22:10:33.626 [info] [Model][openRepository] Opened repository (kind): repository
2025-12-22 22:10:33.652 [info] > git config --get commit.template [9ms]
2025-12-22 22:10:33.656 [info] > git rev-parse --show-toplevel [7ms]
2025-12-22 22:10:33.656 [info] fatal: not a git repository (or any parent up to mount point /)
Stopping at filesystem boundary (GIT_DISCOVERY_ACROSS_FILESYSTEM not set).
2025-12-22 22:10:33.678 [info] > git for-each-ref --format=%(refname)%00%(upstream:short)%00%(objectname)%00%(upstream:track)%00%(upstream:remotename)%00%(upstream:remoteref) refs/heads/main refs/remotes/main [12ms]
2025-12-22 22:10:33.687 [warning] [Git][revParse] Unable to read file: ENOENT: no such file or directory, open '/home/z3ncoding/HyDE/.git/refs/remotes/origin/main'
2025-12-22 22:10:33.688 [info] > git rev-parse --show-toplevel [12ms]
2025-12-22 22:10:33.689 [info] fatal: not a git repository (or any parent up to mount point /)
Stopping at filesystem boundary (GIT_DISCOVERY_ACROSS_FILESYSTEM not set).
2025-12-22 22:10:33.697 [info] > git rev-parse refs/remotes/origin/main [10ms]
2025-12-22 22:10:33.730 [info] > git rev-parse --show-toplevel [34ms]
2025-12-22 22:10:33.730 [info] fatal: not a git repository (or any parent up to mount point /)
Stopping at filesystem boundary (GIT_DISCOVERY_ACROSS_FILESYSTEM not set).
2025-12-22 22:10:33.739 [info] > git for-each-ref --sort -committerdate --format %(refname)%00%(objectname)%00%(*objectname) [13ms]
2025-12-22 22:10:33.744 [info] > git rev-parse --show-toplevel [5ms]
2025-12-22 22:10:33.744 [info] fatal: not a git repository (or any parent up to mount point /)
Stopping at filesystem boundary (GIT_DISCOVERY_ACROSS_FILESYSTEM not set).
2025-12-22 22:10:33.753 [info] > git rev-parse --show-toplevel [2ms]
2025-12-22 22:10:33.753 [info] fatal: not a git repository (or any parent up to mount point /)
Stopping at filesystem boundary (GIT_DISCOVERY_ACROSS_FILESYSTEM not set).
2025-12-22 22:10:33.770 [info] > git rev-parse --show-toplevel [4ms]
2025-12-22 22:10:33.770 [info] fatal: not a git repository (or any parent up to mount point /)
Stopping at filesystem boundary (GIT_DISCOVERY_ACROSS_FILESYSTEM not set).
2025-12-22 22:10:33.781 [info] > git rev-parse --show-toplevel [2ms]
2025-12-22 22:10:33.793 [info] > git rev-parse --git-dir --git-common-dir --show-superproject-working-tree [7ms]
2025-12-22 22:10:33.805 [info] [Model][openRepository] Opened repository (path): /home/z3ncoding/backup-files
2025-12-22 22:10:33.805 [info] [Model][openRepository] Opened repository (real path): /home/z3ncoding/backup-files
2025-12-22 22:10:33.805 [info] [Model][openRepository] Opened repository (kind): repository
2025-12-22 22:10:33.844 [info] > git rev-parse --show-toplevel [5ms]
2025-12-22 22:10:33.844 [info] fatal: not a git repository (or any parent up to mount point /)
Stopping at filesystem boundary (GIT_DISCOVERY_ACROSS_FILESYSTEM not set).
2025-12-22 22:10:33.845 [info] [Model][doInitialScan] Initial repository scan completed - repositories (2), closed repositories (0), parent repositories (0), unsafe repositories (0)
2025-12-22 22:10:33.846 [info] > git config --get commit.template [32ms]
2025-12-22 22:10:33.865 [info] > git rev-parse --show-toplevel [11ms]
2025-12-22 22:10:33.865 [info] fatal: not a git repository (or any parent up to mount point /)
Stopping at filesystem boundary (GIT_DISCOVERY_ACROSS_FILESYSTEM not set).
2025-12-22 22:10:33.872 [info] > git for-each-ref --format=%(refname)%00%(upstream:short)%00%(objectname)%00%(upstream:track)%00%(upstream:remotename)%00%(upstream:remoteref) refs/heads/main refs/remotes/main [8ms]
2025-12-22 22:10:33.886 [warning] [Git][revParse] Unable to read file: ENOENT: no such file or directory, open '/home/z3ncoding/backup-files/.git/refs/remotes/origin/main'
2025-12-22 22:10:33.891 [info] > git rev-parse refs/remotes/origin/main [5ms]
2025-12-22 22:10:33.925 [info] > git for-each-ref --sort -committerdate --format %(refname)%00%(objectname)%00%(*objectname) [8ms]
2025-12-22 22:10:33.930 [info] > git status -z -uall [31ms]
2025-12-22 22:10:34.025 [info] > git for-each-ref --format=%(refname)%00%(upstream:short)%00%(objectname)%00%(upstream:track)%00%(upstream:remotename)%00%(upstream:remoteref) refs/heads/main refs/remotes/main [27ms]
2025-12-22 22:10:34.075 [info] > git config --get commit.template [54ms]
2025-12-22 22:10:34.124 [info] > git for-each-ref --format=%(refname)%00%(upstream:short)%00%(objectname)%00%(upstream:track)%00%(upstream:remotename)%00%(upstream:remoteref) refs/heads/main refs/remotes/main [10ms]
2025-12-22 22:10:34.125 [info] > git config --get --local branch.main.vscode-merge-base [56ms]
2025-12-22 22:10:34.125 [warning] [Git][config] git config failed: Failed to execute git
2025-12-22 22:10:34.185 [warning] [Git][revParse] Unable to read file: ENOENT: no such file or directory, open '/home/z3ncoding/backup-files/.git/refs/remotes/origin/main'
2025-12-22 22:10:34.247 [info] > git reflog main --grep-reflog=branch: Created from *. [110ms]
2025-12-22 22:10:34.265 [info] > git symbolic-ref --short refs/remotes/origin/HEAD [4ms]
2025-12-22 22:10:34.275 [info] > git for-each-ref --format=%(refname)%00%(upstream:short)%00%(objectname)%00%(upstream:track)%00%(upstream:remotename)%00%(upstream:remoteref) refs/heads/origin/main refs/remotes/origin/main [3ms]
2025-12-22 22:10:34.290 [info] > git config --add --local branch.main.vscode-merge-base origin/main [2ms]
2025-12-22 22:10:34.328 [info] > git config --get commit.template [13ms]
2025-12-22 22:10:34.328 [info] > git rev-parse refs/remotes/origin/main [143ms]
2025-12-22 22:10:34.363 [info] > git for-each-ref --format=%(refname)%00%(upstream:short)%00%(objectname)%00%(upstream:track)%00%(upstream:remotename)%00%(upstream:remoteref) refs/heads/main refs/remotes/main [5ms]
2025-12-22 22:10:34.372 [warning] [Git][revParse] Unable to read file: ENOENT: no such file or directory, open '/home/z3ncoding/backup-files/.git/refs/remotes/origin/main'
2025-12-22 22:10:34.375 [info] > git rev-parse refs/remotes/origin/main [3ms]
2025-12-22 22:10:34.404 [info] > git status -z -uall [23ms]
2025-12-22 22:10:34.409 [info] > git for-each-ref --sort -committerdate --format %(refname)%00%(objectname)%00%(*objectname) [6ms]
2025-12-22 22:10:34.450 [info] > git merge-base refs/heads/main refs/remotes/origin/main [16ms]
2025-12-22 22:10:34.461 [info] > git merge-base refs/heads/main refs/remotes/origin/main [15ms]
2025-12-22 22:10:34.485 [info] > git diff --name-status -z --diff-filter=ADMR --find-renames=50% 442a2a4f079bd71d3479ccf5d27e0bcbb5e0da2b...refs/remotes/origin/main -- [25ms]
2025-12-22 22:10:34.509 [info] > git diff --name-status -z --diff-filter=ADMR --find-renames=50% 442a2a4f079bd71d3479ccf5d27e0bcbb5e0da2b...refs/remotes/origin/main -- [29ms]
2025-12-22 22:10:35.774 [info] > git status -z -uall [2067ms]
2025-12-22 22:10:35.847 [info] > git for-each-ref --format=%(refname)%00%(upstream:short)%00%(objectname)%00%(upstream:track)%00%(upstream:remotename)%00%(upstream:remoteref) refs/heads/main refs/remotes/main [11ms]
2025-12-22 22:10:35.884 [info] > git config --get commit.template [8ms]
2025-12-22 22:10:35.884 [info] > git config --get --local branch.main.vscode-merge-base [19ms]
2025-12-22 22:10:35.884 [warning] [Git][config] git config failed: Failed to execute git
2025-12-22 22:10:35.915 [info] > git reflog main --grep-reflog=branch: Created from *. [21ms]
2025-12-22 22:10:35.930 [info] > git for-each-ref --format=%(refname)%00%(upstream:short)%00%(objectname)%00%(upstream:track)%00%(upstream:remotename)%00%(upstream:remoteref) refs/heads/main refs/remotes/main [18ms]
2025-12-22 22:10:35.952 [warning] [Git][revParse] Unable to read file: ENOENT: no such file or directory, open '/home/z3ncoding/HyDE/.git/refs/remotes/origin/main'
2025-12-22 22:10:35.952 [info] > git symbolic-ref --short refs/remotes/origin/HEAD [25ms]
2025-12-22 22:10:35.977 [info] > git for-each-ref --format=%(refname)%00%(upstream:short)%00%(objectname)%00%(upstream:track)%00%(upstream:remotename)%00%(upstream:remoteref) refs/heads/origin/main refs/remotes/origin/main [13ms]
2025-12-22 22:10:35.986 [info] > git rev-parse refs/remotes/origin/main [34ms]
2025-12-22 22:10:36.097 [info] > git for-each-ref --sort -committerdate --format %(refname)%00%(objectname)%00%(*objectname) [23ms]
2025-12-22 22:10:36.101 [info] > git config --add --local branch.main.vscode-merge-base origin/main [116ms]
2025-12-22 22:10:36.149 [info] > git status -z -uall [149ms] (cancelled)
2025-12-22 22:10:36.164 [info] > git config --get commit.template [16ms]
2025-12-22 22:10:36.172 [info] > git rev-parse --show-toplevel [9ms]
2025-12-22 22:10:36.172 [info] fatal: not a git repository (or any parent up to mount point /)
Stopping at filesystem boundary (GIT_DISCOVERY_ACROSS_FILESYSTEM not set).
2025-12-22 22:10:36.179 [info] > git for-each-ref --format=%(refname)%00%(upstream:short)%00%(objectname)%00%(upstream:track)%00%(upstream:remotename)%00%(upstream:remoteref) refs/heads/main refs/remotes/main [7ms]
2025-12-22 22:10:36.190 [warning] [Git][revParse] Unable to read file: ENOENT: no such file or directory, open '/home/z3ncoding/HyDE/.git/refs/remotes/origin/main'
2025-12-22 22:10:36.194 [info] > git rev-parse refs/remotes/origin/main [4ms]
2025-12-22 22:10:36.220 [info] > git for-each-ref --sort -committerdate --format %(refname)%00%(objectname)%00%(*objectname) [3ms]
2025-12-22 22:10:36.530 [info] > git rev-parse --show-toplevel [3ms]
2025-12-22 22:10:36.530 [info] fatal: not a git repository (or any parent up to mount point /)
Stopping at filesystem boundary (GIT_DISCOVERY_ACROSS_FILESYSTEM not set).
2025-12-22 22:10:37.335 [info] > git status -z -uall [1128ms]
2025-12-22 22:10:37.371 [info] > git merge-base refs/heads/main refs/remotes/origin/main [22ms]
2025-12-22 22:10:37.390 [info] > git merge-base refs/heads/main refs/remotes/origin/main [23ms]
2025-12-22 22:10:37.410 [info] > git diff --name-status -z --diff-filter=ADMR --find-renames=50% 3c8b0dfb5e7f8e41a67b80463513f10d57cab1a4...refs/remotes/origin/main -- [7ms]
2025-12-22 22:10:37.412 [info] > git diff --name-status -z --diff-filter=ADMR --find-renames=50% 3c8b0dfb5e7f8e41a67b80463513f10d57cab1a4...refs/remotes/origin/main -- [29ms]
2025-12-22 22:10:38.364 [info] > git rev-parse --show-toplevel [5ms]
2025-12-22 22:10:38.364 [info] fatal: not a git repository (or any parent up to mount point /)
Stopping at filesystem boundary (GIT_DISCOVERY_ACROSS_FILESYSTEM not set).
