2026-01-23T03:15:43.867Z - info: [ui] [AppStore] loading 0 repositories from store
2026-01-23T03:15:44.158Z - info: [ui] [Welcome] no sign in step found. ignoring...
2026-01-23T03:15:44.166Z - info: [ui] Opt in reported.
2026-01-23T03:15:44.628Z - info: [ui] [Welcome] no sign in step found. ignoring...
2026-01-23T03:15:45.143Z - info: [ui] [Welcome] no sign in step found. ignoring...
2026-01-23T03:15:45.551Z - info: [ui] launching: 3.4.13-linux1 (Linux 6.17.13-2-cachyos-hardened)
2026-01-23T03:15:45.557Z - info: [ui] execPath: '/opt/github-desktop/github-desktop'
2026-01-23T03:15:45.591Z - info: [ui] [Welcome] no sign in step found. ignoring...
2026-01-23T03:15:45.852Z - info: [ui] [Welcome] no sign in step found. ignoring...
2026-01-23T03:15:48.490Z - info: [ui] [Welcome] advancing to step: SignInToDotComWithBrowser
2026-01-23T03:15:48.521Z - info: [ui] [SignInStore] initializing OAuth flow
2026-01-23T03:15:48.522Z - info: [main] opening in browser: https://github.com/login/oauth/authorize?client_id=3a723b10ac5575cc5bb9&scope=repo%20user%20workflow&state=783c65da-ef36-40e8-8251-0639c0edf938
2026-01-23T03:15:48.537Z - info: [ui] [Welcome] current sign in state not found. ignoring...
2026-01-23T03:15:51.362Z - info: [ui] [Welcome] kind Authentication is the same as Authentication. ignoring...
2026-01-23T03:15:53.210Z - info: [ui] [Welcome] kind Authentication is the same as Authentication. ignoring...
2026-01-23T03:17:01.002Z - info: [main] Received possible protocol arguments: 3
2026-01-23T03:17:01.004Z - info: [main] Processing protocol url
2026-01-23T03:17:01.487Z - info: [ui] [Welcome] kind Authentication is the same as Authentication. ignoring...
2026-01-23T03:17:01.532Z - info: [main] Received possible protocol arguments: 2
2026-01-23T03:17:01.561Z - info: [main] Processing protocol url
2026-01-23T03:17:02.205Z - info: [ui] [SignInStore] account resolved
2026-01-23T03:17:02.210Z - info: [ui] [AppStore] adding account z3ncoding2A (z3ncoding2A) to store
2026-01-23T03:17:02.213Z - info: [ui] [Welcome] advancing to step: ConfigureGit
2026-01-23T03:17:02.764Z - info: [ui] [Welcome] no sign in step found. ignoring...
2026-01-23T03:17:03.236Z - info: [ui] Subscribed 'z3ncoding2A' to Alive channel
2026-01-23T03:17:03.243Z - info: [ui] [Welcome] no sign in step found. ignoring...
2026-01-23T03:17:04.066Z - info: [ui] [Welcome] no sign in step found. ignoring...
2026-01-23T03:17:04.434Z - info: [ui] [Welcome] no sign in step found. ignoring...
2026-01-23T03:17:07.716Z - info: [ui] [Welcome] no sign in step found. ignoring...
2026-01-23T03:17:07.941Z - info: [ui] [Welcome] no sign in step found. ignoring...
2026-01-23T03:17:08.238Z - info: [ui] [Welcome] no sign in step found. ignoring...
2026-01-23T03:17:29.503Z - info: [ui] [Welcome] no sign in step found. ignoring...
2026-01-23T03:17:30.576Z - info: [ui] [Welcome] no sign in step found. ignoring...
2026-01-23T03:17:31.000Z - info: [ui] [Welcome] no sign in step found. ignoring...
2026-01-23T03:17:31.340Z - info: [ui] [Welcome] no sign in step found. ignoring...
2026-01-23T03:17:31.692Z - info: [ui] [Welcome] no sign in step found. ignoring...
2026-01-23T03:17:31.884Z - info: [ui] [Welcome] no sign in step found. ignoring...
2026-01-23T03:17:32.166Z - info: [ui] [Welcome] no sign in step found. ignoring...
2026-01-23T03:17:32.253Z - info: [ui] [Welcome] no sign in step found. ignoring...
2026-01-23T03:17:33.260Z - info: [ui] [Welcome] no sign in step found. ignoring...
2026-01-23T03:17:38.139Z - info: [ui] [Welcome] no sign in step found. ignoring...
2026-01-23T03:17:38.398Z - info: [ui] [Welcome] no sign in step found. ignoring...
2026-01-23T03:17:43.745Z - info: [ui] [Welcome] no sign in step found. ignoring...
2026-01-23T03:18:02.039Z - info: [ui] [Welcome] no sign in step found. ignoring...
2026-01-23T03:18:16.963Z - info: [ui] [Welcome] no sign in step found. ignoring...
2026-01-23T03:18:17.331Z - info: [ui] [Welcome] no sign in step found. ignoring...
2026-01-23T03:18:17.615Z - info: [ui] [Welcome] no sign in step found. ignoring...
2026-01-23T03:18:17.814Z - info: [ui] [Welcome] no sign in step found. ignoring...
2026-01-23T03:18:18.145Z - info: [ui] [Welcome] no sign in step found. ignoring...
2026-01-23T03:18:18.356Z - info: [ui] [Welcome] no sign in step found. ignoring...
2026-01-23T03:18:18.517Z - info: [ui] [Welcome] no sign in step found. ignoring...
2026-01-23T03:18:18.702Z - info: [ui] [Welcome] no sign in step found. ignoring...
2026-01-23T03:18:18.855Z - info: [ui] [Welcome] no sign in step found. ignoring...
2026-01-23T03:18:19.657Z - info: [ui] [Welcome] no sign in step found. ignoring...
2026-01-23T03:18:21.736Z - info: [ui] [Welcome] no sign in step found. ignoring...
2026-01-23T03:18:31.329Z - info: [ui] [Welcome] no sign in step found. ignoring...
2026-01-23T03:18:31.982Z - info: [ui] [Welcome] no sign in step found. ignoring...
2026-01-23T03:18:32.657Z - info: [ui] [Welcome] no sign in step found. ignoring...
2026-01-23T03:18:33.509Z - info: [ui] [Welcome] no sign in step found. ignoring...
2026-01-23T03:18:34.000Z - info: [ui] [Welcome] no sign in step found. ignoring...
2026-01-23T03:18:37.234Z - info: [ui] [Welcome] no sign in step found. ignoring...
2026-01-23T03:18:42.317Z - info: [ui] [Welcome] no sign in step found. ignoring...
2026-01-23T03:18:42.371Z - info: [ui] [Welcome] no sign in step found. ignoring...
2026-01-23T03:18:43.685Z - info: [ui] [Welcome] no sign in step found. ignoring...
2026-01-23T03:18:44.071Z - info: [ui] [Welcome] no sign in step found. ignoring...
2026-01-23T03:18:52.650Z - info: [ui] [Welcome] no sign in step found. ignoring...
2026-01-23T03:18:53.035Z - info: [ui] [Welcome] no sign in step found. ignoring...
2026-01-23T03:18:53.187Z - info: [ui] [Welcome] no sign in step found. ignoring...
2026-01-23T03:18:53.415Z - info: [ui] [Welcome] no sign in step found. ignoring...
2026-01-23T03:19:09.356Z - info: [ui] [Welcome] no sign in step found. ignoring...
2026-01-23T03:19:10.741Z - info: [ui] [Welcome] no sign in step found. ignoring...
2026-01-23T03:19:14.124Z - info: [ui] [Welcome] no sign in step found. ignoring...
2026-01-23T03:19:15.548Z - info: [ui] [Welcome] no sign in step found. ignoring...
2026-01-23T03:20:13.184Z - info: [ui] credential-helper: found GitHub credential for https://github.com/ in store
2026-01-23T03:20:13.717Z - info: [ui] Executing tutorial:push: git push -u origin main (took 1.021s)
2026-01-23T03:20:13.833Z - info: [ui] [AppStore] adding tutorial repository at /home/z3ncoding123/Documents/GitHub/desktop-tutorial to store
2026-01-23T03:20:15.609Z - info: [ui] Current tutorial step is now CreateBranch
2026-01-23T03:20:15.979Z - info: [ui] [BranchPruner] No branches to prune.
2026-01-23T03:20:33.160Z - info: [ui] credential-helper: found GitHub credential for https://github.com/ in store
2026-01-23T03:20:34.524Z - info: [ui] credential-helper: found GitHub credential for https://github.com/ in store
2026-01-23T03:20:34.915Z - info: [ui] Executing updateRemoteHEAD: git remote set-head -a origin (took 1.222s)
2026-01-23T03:21:58.142Z - info: [ui] Current tutorial step is now EditFile
2026-01-23T03:21:58.149Z - info: [ui] [Timing] Action 'create branch' for 'z3ncoding2A/desktop-tutorial' took 0.992s
2026-01-23T03:23:25.288Z - error: [ui] Failed to validate path: /b
Error: ENOENT: no such file or directory, lstat '/b'
2026-01-23T03:23:25.500Z - error: [ui] Failed to validate path: /bi
Error: ENOENT: no such file or directory, lstat '/bi'
2026-01-23T03:23:26.310Z - error: [ui] Failed to validate path: /bin/g
Error: ENOENT: no such file or directory, lstat '/bin/g'
2026-01-23T03:23:26.433Z - error: [ui] Failed to validate path: /bin/gh
Error: ENOENT: no such file or directory, lstat '/bin/gh'
2026-01-23T03:23:26.693Z - error: [ui] Failed to validate path: /bin/gho
Error: ENOENT: no such file or directory, lstat '/bin/gho'
2026-01-23T03:23:26.965Z - error: [ui] Failed to validate path: /bin/ghos
Error: ENOENT: no such file or directory, lstat '/bin/ghos'
2026-01-23T03:23:27.276Z - error: [ui] Failed to validate path: /bin/ghost
Error: ENOENT: no such file or directory, lstat '/bin/ghost'
2026-01-23T03:23:27.494Z - error: [ui] Failed to validate path: /bin/ghostt
Error: ENOENT: no such file or directory, lstat '/bin/ghostt'
2026-01-23T03:27:15.340Z - info: [ui] Current tutorial step is now MakeCommit
2026-01-23T03:28:50.384Z - info: [ui] [Timing] Action 'create commit' for 'z3ncoding2A/desktop-tutorial' took 0.159s
2026-01-23T03:28:50.581Z - info: [ui] Current tutorial step is now PushBranch
2026-01-23T03:29:17.372Z - info: [ui] credential-helper: found GitHub credential for https://github.com/ in store
2026-01-23T03:29:18.025Z - info: [ui] Executing push: git push origin arch-installer --set-upstream --progress (took 1.048s)
2026-01-23T03:29:18.322Z - info: [ui] credential-helper: found GitHub credential for https://github.com/ in store
2026-01-23T03:29:18.898Z - info: [ui] credential-helper: found GitHub credential for https://github.com/ in store
2026-01-23T03:29:19.828Z - info: [ui] Current tutorial step is now OpenPullRequest
2026-01-23T03:29:38.013Z - info: [ui] Current tutorial step is now AllDone
2026-01-23T03:29:38.024Z - info: [ui] Current tutorial step is now Announced
2026-01-23T03:29:38.521Z - info: [main] opening in browser: https://github.com/z3ncoding2A/desktop-tutorial/pull/new/arch-installer
2026-01-23T03:33:24.904Z - info: [ui] Current tutorial step is now Paused
2026-01-23T03:39:03.983Z - info: [ui] [BranchPruner] Last prune took place 19 minutes ago - skipping
2026-01-23T03:39:17.026Z - info: [ui] [AppStore] adding repository at /home/z3ncoding123/GitHub/backup-files to store
2026-01-23T03:39:17.186Z - info: [ui] [BranchPruner] Last prune took place 19 minutes ago - skipping
2026-01-23T03:39:17.289Z - info: [ui] Current tutorial step is now Paused
2026-01-23T03:39:17.897Z - info: [ui] [BranchPruner] No branches to prune.
2026-01-23T03:41:34.759Z - error: [ui] Failed to validate path: /b
Error: ENOENT: no such file or directory, lstat '/b'
2026-01-23T03:41:34.972Z - error: [ui] Failed to validate path: /ba
Error: ENOENT: no such file or directory, lstat '/ba'
2026-01-23T03:41:36.382Z - error: [ui] Failed to validate path: /b
Error: ENOENT: no such file or directory, lstat '/b'
2026-01-23T03:41:37.942Z - error: [ui] Failed to validate path: /bi
Error: ENOENT: no such file or directory, lstat '/bi'
2026-01-23T03:41:39.454Z - error: [ui] Failed to validate path: /bin/g
Error: ENOENT: no such file or directory, lstat '/bin/g'
2026-01-23T03:41:39.541Z - error: [ui] Failed to validate path: /bin/gh
Error: ENOENT: no such file or directory, lstat '/bin/gh'
2026-01-23T03:41:39.742Z - error: [ui] Failed to validate path: /bin/gho
Error: ENOENT: no such file or directory, lstat '/bin/gho'
2026-01-23T03:41:40.062Z - error: [ui] Failed to validate path: /bin/ghos
Error: ENOENT: no such file or directory, lstat '/bin/ghos'
2026-01-23T03:41:40.302Z - error: [ui] Failed to validate path: /bin/ghoss
Error: ENOENT: no such file or directory, lstat '/bin/ghoss'
2026-01-23T03:41:40.541Z - error: [ui] Failed to validate path: /bin/ghosst
Error: ENOENT: no such file or directory, lstat '/bin/ghosst'
2026-01-23T03:41:40.790Z - error: [ui] Failed to validate path: /bin/ghossty
Error: ENOENT: no such file or directory, lstat '/bin/ghossty'
2026-01-23T03:41:41.118Z - error: [ui] Failed to validate path: /bin/ghosst
Error: ENOENT: no such file or directory, lstat '/bin/ghosst'
2026-01-23T03:41:41.254Z - error: [ui] Failed to validate path: /bin/ghoss
Error: ENOENT: no such file or directory, lstat '/bin/ghoss'
2026-01-23T03:41:41.383Z - error: [ui] Failed to validate path: /bin/ghos
Error: ENOENT: no such file or directory, lstat '/bin/ghos'
2026-01-23T03:41:41.639Z - error: [ui] Failed to validate path: /bin/ghosy
Error: ENOENT: no such file or directory, lstat '/bin/ghosy'
2026-01-23T03:41:41.925Z - error: [ui] Failed to validate path: /bin/ghos
Error: ENOENT: no such file or directory, lstat '/bin/ghos'
2026-01-23T03:41:42.000Z - error: [ui] Failed to validate path: /bin/ghost
Error: ENOENT: no such file or directory, lstat '/bin/ghost'
2026-01-23T03:41:42.189Z - error: [ui] Failed to validate path: /bin/ghostt
Error: ENOENT: no such file or directory, lstat '/bin/ghostt'
2026-01-23T03:41:42.527Z - error: [ui] Failed to validate path: /bin/ghost
Error: ENOENT: no such file or directory, lstat '/bin/ghost'
2026-01-23T03:41:42.662Z - error: [ui] Failed to validate path: /bin/ghos
Error: ENOENT: no such file or directory, lstat '/bin/ghos'
2026-01-23T03:41:43.101Z - error: [ui] Failed to validate path: /bin/ghost
Error: ENOENT: no such file or directory, lstat '/bin/ghost'
2026-01-23T03:41:43.340Z - error: [ui] Failed to validate path: /bin/ghostt
Error: ENOENT: no such file or directory, lstat '/bin/ghostt'
2026-01-23T03:42:18.675Z - error: [ui] Failed to validate path: /bin/ghostt
Error: ENOENT: no such file or directory, lstat '/bin/ghostt'
2026-01-23T03:42:18.975Z - error: [ui] Failed to validate path: /bin/ghost
Error: ENOENT: no such file or directory, lstat '/bin/ghost'
2026-01-23T03:42:19.211Z - error: [ui] Failed to validate path: /bin/ghos
Error: ENOENT: no such file or directory, lstat '/bin/ghos'
2026-01-23T03:42:19.394Z - error: [ui] Failed to validate path: /bin/gho
Error: ENOENT: no such file or directory, lstat '/bin/gho'
2026-01-23T03:42:19.531Z - error: [ui] Failed to validate path: /bin/gh
Error: ENOENT: no such file or directory, lstat '/bin/gh'
2026-01-23T03:42:19.662Z - error: [ui] Failed to validate path: /bin/g
Error: ENOENT: no such file or directory, lstat '/bin/g'
2026-01-23T03:42:20.963Z - error: [ui] Failed to validate path: /bin/s
Error: ENOENT: no such file or directory, lstat '/bin/s'
2026-01-23T03:42:21.570Z - error: [ui] Failed to validate path: /bin/s
Error: ENOENT: no such file or directory, lstat '/bin/s'
2026-01-23T03:42:22.194Z - error: [ui] Failed to validate path: /bin/c
Error: ENOENT: no such file or directory, lstat '/bin/c'
2026-01-23T03:42:22.265Z - error: [ui] Failed to validate path: /bin/co
Error: ENOENT: no such file or directory, lstat '/bin/co'
2026-01-23T03:42:22.393Z - error: [ui] Failed to validate path: /bin/cod
Error: ENOENT: no such file or directory, lstat '/bin/cod'
