2025-12-26T00:12:43.472Z I "the monkey has been patched pid:",1636
2025-12-26T00:12:43.511Z I "[2025-12-26T00:12:43.510Z]","registering for tuta protocol","/opt/tutanota-desktop/tutanota-desktop","/opt/tutanota-desktop/resources/app.asar"
2025-12-26T00:12:43.636Z I "Creating tables..."
2025-12-26T00:12:43.745Z I "Current credentials version: 1"
2025-12-26T00:12:43.745Z I "Tables created successfully!"
2025-12-26T00:12:43.757Z I "version:  ","317.251217.0"
2025-12-26T00:12:43.925Z I "[2025-12-26T00:12:43.925Z]","[I packages/node-mimimi/src/logging/console.rs] spawned logger"
2025-12-26T00:12:43.969Z I "resolving key...","tutanota-vault"
2025-12-26T00:12:43.985Z I "config up to date"
2025-12-26T00:12:50.209Z I "[2025-12-26T00:12:50.209Z]","using safeStorage with backend","gnome_libsecret"
2025-12-26T00:12:50.219Z I "[2025-12-26T00:12:50.219Z]","Create tray:true"
2025-12-26T00:12:50.221Z I "[SSEFacade]","last missed notification check:",{"lastMissedNotificationCheckTime":1766707884835}
2025-12-26T00:12:50.222Z I "[DesktopMain]","getting dictionaries from:","https://app.tuta.com/desktop//dictionaries/"
2025-12-26T00:12:50.234Z I "[ApplicationWindow]","webAssetsPath: ","/opt/tutanota-desktop/resources/app.asar"
2025-12-26T00:12:50.373Z I "default mailto handler:",false
2025-12-26T00:12:50.373Z I "Webapp ready"
2025-12-26T00:12:50.374Z I "[2025-12-26T00:12:50.374Z]","[ElectronUpdater]","DEBUG:","no update info on disk, disabling updater."
2025-12-26T00:12:50.378Z I "[SSE]","connect"
2025-12-26T00:12:50.403Z I "[SSE]","state:","connecting"
2025-12-26T00:12:50.427Z I "[DesktopMain]","spellcheck-dictionary-initialized","en-US"
2025-12-26T00:12:50.440Z I "/home/z3ncoding/.local/share/applications/tutanota-desktop.desktop does not exist, checking for permission to ask for permission..."
2025-12-26T00:12:50.568Z I "[SSE]","lookup"
2025-12-26T00:12:50.939Z I "resolving key...","tutanota-credentials"
2025-12-26T00:12:51.005Z I "[PerWindowSqlCipherFacade]","open db for","NfPoLCD----9"
2025-12-26T00:12:51.009Z I "[2025-12-26T00:12:51.009Z]","[WorkerSqlCipher]","started sqlcipher-worker-1"
2025-12-26T00:12:51.164Z I "[2025-12-26T00:12:51.164Z]","[sqlcipher-worker-1]","set up sql cipher done"
2025-12-26T00:12:51.281Z I "[SSE]","established SSE connection with code",200
2025-12-26T00:12:51.282Z I "[SSE]","state:","connected"
2025-12-26T00:12:51.282Z I "[SSE]","heartbeat"
2025-12-26T00:12:51.282Z I "[SSE]","state:","connected"
2025-12-26T00:12:51.283Z I "[SSEFacade]","heartbeatTimeout","240"
2025-12-26T00:12:51.283Z I "[SSE]","heartbeat"
2025-12-26T00:12:51.283Z I "[SSE]","state:","connected"
2025-12-26T00:12:51.283Z I "[SSEFacade]","notification"
2025-12-26T00:12:51.283Z I "[SSE]","heartbeat"
2025-12-26T00:12:51.283Z I "[SSE]","state:","connected"
2025-12-26T00:12:51.284Z I "[SSEFacade]","last missed notification check:",{"lastMissedNotificationCheckTime":1766707884835}
2025-12-26T00:12:51.284Z I "[SSEFacade]","downloading missed notification","https://app.tuta.com/rest/sys/missednotification/REdnVG1UczZEdkxua0RCcnJTazUwRTlLSG10K3VQM0s2NVY4UzZzb2VtOD0"
2025-12-26T00:12:51.301Z I "[SSE]","state:","connected"
2025-12-26T00:12:52.014Z I "[SSEFacade]","downloaded missed notification"
2025-12-26T00:12:53.782Z I "[SSEFacade]","last missed notification check:",{"lastMissedNotificationCheckTime":1766707972029}
2025-12-26T00:12:53.784Z I "[SSE]","state:","disconnected"
2025-12-26T00:12:53.785Z E "[SSE]","response error:",?
2025-12-26T00:12:53.785Z I "[SSE]","response closed"
2025-12-26T00:12:53.787Z I "[SSE]","connect"
2025-12-26T00:12:53.788Z I "[SSE]","state:","connecting"
2025-12-26T00:12:53.789Z I "[SSE]","lookup"
2025-12-26T00:12:54.462Z I "[SSE]","established SSE connection with code",200
2025-12-26T00:12:54.462Z I "[SSE]","state:","connected"
2025-12-26T00:12:54.462Z I "[SSE]","heartbeat"
2025-12-26T00:12:54.463Z I "[SSE]","state:","connected"
2025-12-26T00:12:54.463Z I "[SSEFacade]","heartbeatTimeout","240"
2025-12-26T00:12:54.463Z I "[SSE]","heartbeat"
2025-12-26T00:12:54.463Z I "[SSE]","state:","connected"
2025-12-26T00:12:54.463Z I "[SSEFacade]","notification"
2025-12-26T00:12:54.463Z I "[SSE]","heartbeat"
2025-12-26T00:12:54.463Z I "[SSE]","state:","connected"
2025-12-26T00:12:54.465Z I "[SSE]","state:","connected"
2025-12-26T00:13:01.286Z I "[SSEFacade]","last missed notification check:",{"lastMissedNotificationCheckTime":1766707972029}
2025-12-26T00:13:01.286Z I "[SSEFacade]","downloading missed notification","https://app.tuta.com/rest/sys/missednotification/REdnVG1UczZEdkxua0RCcnJTazUwRTlLSG10K3VQM0s2NVY4UzZzb2VtOD0"
2025-12-26T00:13:01.465Z I "[SSEFacade]","downloaded missed notification"
2025-12-26T00:16:54.746Z I "[SSE]","heartbeat"
2025-12-26T00:16:54.746Z I "[SSE]","state:","connected"
2025-12-26T00:17:42.465Z I "[SSE]","state:","connected"
2025-12-26T00:20:54.748Z I "[SSE]","heartbeat"
2025-12-26T00:20:54.748Z I "[SSE]","state:","connected"
2025-12-26T00:22:30.465Z I "[SSE]","state:","connected"
2025-12-26T00:24:54.750Z I "[SSE]","heartbeat"
2025-12-26T00:24:54.750Z I "[SSE]","state:","connected"
2025-12-26T00:27:18.465Z I "[SSE]","state:","connected"
2025-12-26T00:28:54.753Z I "[SSE]","heartbeat"
2025-12-26T00:28:54.753Z I "[SSE]","state:","connected"
2025-12-26T00:32:06.465Z I "[SSE]","state:","connected"
2025-12-26T00:32:54.749Z I "[SSE]","heartbeat"
2025-12-26T00:32:54.749Z I "[SSE]","state:","connected"
2025-12-26T00:36:54.465Z I "[SSE]","state:","connected"
2025-12-26T00:36:54.750Z I "[SSE]","heartbeat"
2025-12-26T00:36:54.751Z I "[SSE]","state:","connected"
2025-12-26T00:40:54.755Z I "[SSE]","heartbeat"
2025-12-26T00:40:54.755Z I "[SSE]","state:","connected"
2025-12-26T00:41:42.465Z I "[SSE]","state:","connected"