2025-12-22 20:48:40.725 [info] [main] Log level: Info
2025-12-22 20:48:40.725 [info] [main] Validating found git in: "git"
2025-12-22 20:48:40.725 [info] [main] Using git "2.52.0" from "git"
2025-12-22 20:48:40.725 [info] [Model][doInitialScan] Initial repository scan started
2025-12-22 20:48:40.725 [info] > git rev-parse --show-toplevel [9ms]
2025-12-22 20:48:40.725 [info] fatal: not a git repository (or any parent up to mount point /)
Stopping at filesystem boundary (GIT_DISCOVERY_ACROSS_FILESYSTEM not set).
2025-12-22 20:48:40.725 [info] [Model][doInitialScan] Initial repository scan completed - repositories (0), closed repositories (0), parent repositories (0), unsafe repositories (0)
2025-12-22 20:50:20.812 [warning] [Model][getRepositoryExact] Failed to get repository realpath for: "/opt/Wifi-Hacking". Error:Error: ENOENT: no such file or directory, realpath '/opt/Wifi-Hacking'
2025-12-22 20:51:36.591 [info] [main] Log level: Info
2025-12-22 20:51:36.591 [info] [main] Validating found git in: "git"
2025-12-22 20:51:36.591 [info] [main] Using git "2.52.0" from "git"
2025-12-22 20:51:36.591 [info] [Model][doInitialScan] Initial repository scan started
2025-12-22 20:51:36.591 [info] > git rev-parse --show-toplevel [15ms]
2025-12-22 20:51:36.591 [info] fatal: not a git repository (or any parent up to mount point /)
Stopping at filesystem boundary (GIT_DISCOVERY_ACROSS_FILESYSTEM not set).
2025-12-22 20:51:36.611 [info] > git rev-parse --show-toplevel [2ms]
2025-12-22 20:51:36.611 [info] fatal: not a git repository (or any parent up to mount point /)
Stopping at filesystem boundary (GIT_DISCOVERY_ACROSS_FILESYSTEM not set).
2025-12-22 20:51:36.623 [info] > git rev-parse --show-toplevel [4ms]
2025-12-22 20:51:36.623 [info] fatal: not a git repository (or any parent up to mount point /)
Stopping at filesystem boundary (GIT_DISCOVERY_ACROSS_FILESYSTEM not set).
2025-12-22 20:51:36.634 [info] > git rev-parse --show-toplevel [3ms]
2025-12-22 20:51:36.635 [info] fatal: not a git repository (or any parent up to mount point /)
Stopping at filesystem boundary (GIT_DISCOVERY_ACROSS_FILESYSTEM not set).
2025-12-22 20:51:36.644 [info] > git rev-parse --show-toplevel [2ms]
2025-12-22 20:51:36.644 [info] fatal: not a git repository (or any parent up to mount point /)
Stopping at filesystem boundary (GIT_DISCOVERY_ACROSS_FILESYSTEM not set).
2025-12-22 20:51:36.651 [info] > git rev-parse --show-toplevel [3ms]
2025-12-22 20:51:36.651 [info] fatal: not a git repository (or any parent up to mount point /)
Stopping at filesystem boundary (GIT_DISCOVERY_ACROSS_FILESYSTEM not set).
2025-12-22 20:51:36.657 [info] > git rev-parse --show-toplevel [2ms]
2025-12-22 20:51:36.657 [info] fatal: not a git repository (or any parent up to mount point /)
Stopping at filesystem boundary (GIT_DISCOVERY_ACROSS_FILESYSTEM not set).
2025-12-22 20:51:36.662 [info] > git rev-parse --show-toplevel [1ms]
2025-12-22 20:51:36.662 [info] fatal: not a git repository (or any parent up to mount point /)
Stopping at filesystem boundary (GIT_DISCOVERY_ACROSS_FILESYSTEM not set).
2025-12-22 20:51:36.670 [info] > git rev-parse --show-toplevel [2ms]
2025-12-22 20:51:36.670 [info] fatal: not a git repository (or any parent up to mount point /)
Stopping at filesystem boundary (GIT_DISCOVERY_ACROSS_FILESYSTEM not set).
2025-12-22 20:51:36.675 [info] > git rev-parse --show-toplevel [1ms]
2025-12-22 20:51:36.675 [info] fatal: not a git repository (or any parent up to mount point /)
Stopping at filesystem boundary (GIT_DISCOVERY_ACROSS_FILESYSTEM not set).
2025-12-22 20:51:36.681 [info] > git rev-parse --show-toplevel [1ms]
2025-12-22 20:51:36.681 [info] fatal: not a git repository (or any parent up to mount point /)
Stopping at filesystem boundary (GIT_DISCOVERY_ACROSS_FILESYSTEM not set).
2025-12-22 20:51:36.687 [info] > git rev-parse --show-toplevel [2ms]
2025-12-22 20:51:36.687 [info] fatal: not a git repository (or any parent up to mount point /)
Stopping at filesystem boundary (GIT_DISCOVERY_ACROSS_FILESYSTEM not set).
2025-12-22 20:51:36.693 [info] > git rev-parse --show-toplevel [1ms]
2025-12-22 20:51:36.693 [info] fatal: not a git repository (or any parent up to mount point /)
Stopping at filesystem boundary (GIT_DISCOVERY_ACROSS_FILESYSTEM not set).
2025-12-22 20:51:36.699 [info] > git rev-parse --show-toplevel [1ms]
2025-12-22 20:51:36.699 [info] fatal: not a git repository (or any parent up to mount point /)
Stopping at filesystem boundary (GIT_DISCOVERY_ACROSS_FILESYSTEM not set).
2025-12-22 20:51:36.706 [info] > git rev-parse --show-toplevel [2ms]
2025-12-22 20:51:36.706 [info] fatal: not a git repository (or any parent up to mount point /)
Stopping at filesystem boundary (GIT_DISCOVERY_ACROSS_FILESYSTEM not set).
2025-12-22 20:51:36.712 [info] > git rev-parse --show-toplevel [1ms]
2025-12-22 20:51:36.712 [info] fatal: not a git repository (or any parent up to mount point /)
Stopping at filesystem boundary (GIT_DISCOVERY_ACROSS_FILESYSTEM not set).
2025-12-22 20:51:36.718 [info] > git rev-parse --show-toplevel [1ms]
2025-12-22 20:51:36.718 [info] fatal: not a git repository (or any parent up to mount point /)
Stopping at filesystem boundary (GIT_DISCOVERY_ACROSS_FILESYSTEM not set).
2025-12-22 20:51:36.726 [info] > git rev-parse --show-toplevel [1ms]
2025-12-22 20:51:36.726 [info] fatal: not a git repository (or any parent up to mount point /)
Stopping at filesystem boundary (GIT_DISCOVERY_ACROSS_FILESYSTEM not set).
2025-12-22 20:51:36.735 [info] > git rev-parse --show-toplevel [4ms]
2025-12-22 20:51:36.735 [info] fatal: not a git repository (or any parent up to mount point /)
Stopping at filesystem boundary (GIT_DISCOVERY_ACROSS_FILESYSTEM not set).
2025-12-22 20:51:36.743 [info] > git rev-parse --show-toplevel [2ms]
2025-12-22 20:51:36.743 [info] fatal: not a git repository (or any parent up to mount point /)
Stopping at filesystem boundary (GIT_DISCOVERY_ACROSS_FILESYSTEM not set).
2025-12-22 20:51:36.751 [info] > git rev-parse --show-toplevel [3ms]
2025-12-22 20:51:36.751 [info] fatal: not a git repository (or any parent up to mount point /)
Stopping at filesystem boundary (GIT_DISCOVERY_ACROSS_FILESYSTEM not set).
2025-12-22 20:51:36.759 [info] > git rev-parse --show-toplevel [2ms]
2025-12-22 20:51:36.759 [info] fatal: not a git repository (or any parent up to mount point /)
Stopping at filesystem boundary (GIT_DISCOVERY_ACROSS_FILESYSTEM not set).
2025-12-22 20:51:36.765 [info] > git rev-parse --show-toplevel [1ms]
2025-12-22 20:51:36.765 [info] fatal: not a git repository (or any parent up to mount point /)
Stopping at filesystem boundary (GIT_DISCOVERY_ACROSS_FILESYSTEM not set).
2025-12-22 20:51:36.772 [info] > git rev-parse --show-toplevel [1ms]
2025-12-22 20:51:36.772 [info] fatal: not a git repository (or any parent up to mount point /)
Stopping at filesystem boundary (GIT_DISCOVERY_ACROSS_FILESYSTEM not set).
2025-12-22 20:51:36.777 [info] > git rev-parse --show-toplevel [2ms]
2025-12-22 20:51:36.777 [info] fatal: not a git repository (or any parent up to mount point /)
Stopping at filesystem boundary (GIT_DISCOVERY_ACROSS_FILESYSTEM not set).
2025-12-22 20:51:36.782 [info] > git rev-parse --show-toplevel [1ms]
2025-12-22 20:51:36.782 [info] fatal: not a git repository (or any parent up to mount point /)
Stopping at filesystem boundary (GIT_DISCOVERY_ACROSS_FILESYSTEM not set).
2025-12-22 20:51:36.789 [info] > git rev-parse --show-toplevel [2ms]
2025-12-22 20:51:36.789 [info] fatal: not a git repository (or any parent up to mount point /)
Stopping at filesystem boundary (GIT_DISCOVERY_ACROSS_FILESYSTEM not set).
2025-12-22 20:51:36.795 [info] > git rev-parse --show-toplevel [1ms]
2025-12-22 20:51:36.795 [info] fatal: not a git repository (or any parent up to mount point /)
Stopping at filesystem boundary (GIT_DISCOVERY_ACROSS_FILESYSTEM not set).
2025-12-22 20:51:36.801 [info] > git rev-parse --show-toplevel [2ms]
2025-12-22 20:51:36.802 [info] fatal: not a git repository (or any parent up to mount point /)
Stopping at filesystem boundary (GIT_DISCOVERY_ACROSS_FILESYSTEM not set).
2025-12-22 20:51:36.807 [info] > git rev-parse --show-toplevel [1ms]
2025-12-22 20:51:36.807 [info] fatal: not a git repository (or any parent up to mount point /)
Stopping at filesystem boundary (GIT_DISCOVERY_ACROSS_FILESYSTEM not set).
2025-12-22 20:51:36.813 [info] > git rev-parse --show-toplevel [1ms]
2025-12-22 20:51:36.813 [info] fatal: not a git repository (or any parent up to mount point /)
Stopping at filesystem boundary (GIT_DISCOVERY_ACROSS_FILESYSTEM not set).
2025-12-22 20:51:36.819 [info] > git rev-parse --show-toplevel [1ms]
2025-12-22 20:51:36.819 [info] fatal: not a git repository (or any parent up to mount point /)
Stopping at filesystem boundary (GIT_DISCOVERY_ACROSS_FILESYSTEM not set).
2025-12-22 20:51:36.826 [info] > git rev-parse --show-toplevel [2ms]
2025-12-22 20:51:36.826 [info] fatal: not a git repository (or any parent up to mount point /)
Stopping at filesystem boundary (GIT_DISCOVERY_ACROSS_FILESYSTEM not set).
2025-12-22 20:51:36.832 [info] > git rev-parse --show-toplevel [2ms]
2025-12-22 20:51:36.832 [info] fatal: not a git repository (or any parent up to mount point /)
Stopping at filesystem boundary (GIT_DISCOVERY_ACROSS_FILESYSTEM not set).
2025-12-22 20:51:36.839 [info] > git rev-parse --show-toplevel [2ms]
2025-12-22 20:51:36.839 [info] fatal: not a git repository (or any parent up to mount point /)
Stopping at filesystem boundary (GIT_DISCOVERY_ACROSS_FILESYSTEM not set).
2025-12-22 20:51:36.846 [info] > git rev-parse --show-toplevel [2ms]
2025-12-22 20:51:36.846 [info] fatal: not a git repository (or any parent up to mount point /)
Stopping at filesystem boundary (GIT_DISCOVERY_ACROSS_FILESYSTEM not set).
2025-12-22 20:51:36.853 [info] > git rev-parse --show-toplevel [1ms]
2025-12-22 20:51:36.853 [info] fatal: not a git repository (or any parent up to mount point /)
Stopping at filesystem boundary (GIT_DISCOVERY_ACROSS_FILESYSTEM not set).
2025-12-22 20:51:36.858 [info] > git rev-parse --show-toplevel [1ms]
2025-12-22 20:51:36.858 [info] fatal: not a git repository (or any parent up to mount point /)
Stopping at filesystem boundary (GIT_DISCOVERY_ACROSS_FILESYSTEM not set).
2025-12-22 20:51:36.863 [info] > git rev-parse --show-toplevel [2ms]
2025-12-22 20:51:36.863 [info] fatal: not a git repository (or any parent up to mount point /)
Stopping at filesystem boundary (GIT_DISCOVERY_ACROSS_FILESYSTEM not set).
2025-12-22 20:51:36.869 [info] > git rev-parse --show-toplevel [1ms]
2025-12-22 20:51:36.869 [info] fatal: not a git repository (or any parent up to mount point /)
Stopping at filesystem boundary (GIT_DISCOVERY_ACROSS_FILESYSTEM not set).
2025-12-22 20:51:36.874 [info] > git rev-parse --show-toplevel [1ms]
2025-12-22 20:51:36.874 [info] fatal: not a git repository (or any parent up to mount point /)
Stopping at filesystem boundary (GIT_DISCOVERY_ACROSS_FILESYSTEM not set).
2025-12-22 20:51:36.879 [info] > git rev-parse --show-toplevel [1ms]
2025-12-22 20:51:36.879 [info] fatal: not a git repository (or any parent up to mount point /)
Stopping at filesystem boundary (GIT_DISCOVERY_ACROSS_FILESYSTEM not set).
2025-12-22 20:51:36.885 [info] > git rev-parse --show-toplevel [2ms]
2025-12-22 20:51:36.885 [info] fatal: not a git repository (or any parent up to mount point /)
Stopping at filesystem boundary (GIT_DISCOVERY_ACROSS_FILESYSTEM not set).
2025-12-22 20:51:36.890 [info] > git rev-parse --show-toplevel [1ms]
2025-12-22 20:51:36.890 [info] fatal: not a git repository (or any parent up to mount point /)
Stopping at filesystem boundary (GIT_DISCOVERY_ACROSS_FILESYSTEM not set).
2025-12-22 20:51:36.895 [info] > git rev-parse --show-toplevel [1ms]
2025-12-22 20:51:36.895 [info] fatal: not a git repository (or any parent up to mount point /)
Stopping at filesystem boundary (GIT_DISCOVERY_ACROSS_FILESYSTEM not set).
2025-12-22 20:51:36.901 [info] > git rev-parse --show-toplevel [1ms]
2025-12-22 20:51:36.901 [info] fatal: not a git repository (or any parent up to mount point /)
Stopping at filesystem boundary (GIT_DISCOVERY_ACROSS_FILESYSTEM not set).
2025-12-22 20:51:36.907 [info] > git rev-parse --show-toplevel [2ms]
2025-12-22 20:51:36.907 [info] fatal: not a git repository (or any parent up to mount point /)
Stopping at filesystem boundary (GIT_DISCOVERY_ACROSS_FILESYSTEM not set).
2025-12-22 20:51:36.912 [info] > git rev-parse --show-toplevel [1ms]
2025-12-22 20:51:36.912 [info] fatal: not a git repository (or any parent up to mount point /)
Stopping at filesystem boundary (GIT_DISCOVERY_ACROSS_FILESYSTEM not set).
2025-12-22 20:51:36.918 [info] > git rev-parse --show-toplevel [1ms]
2025-12-22 20:51:36.918 [info] fatal: not a git repository (or any parent up to mount point /)
Stopping at filesystem boundary (GIT_DISCOVERY_ACROSS_FILESYSTEM not set).
2025-12-22 20:51:36.923 [info] > git rev-parse --show-toplevel [1ms]
2025-12-22 20:51:36.923 [info] fatal: not a git repository (or any parent up to mount point /)
Stopping at filesystem boundary (GIT_DISCOVERY_ACROSS_FILESYSTEM not set).
2025-12-22 20:51:36.928 [info] > git rev-parse --show-toplevel [1ms]
2025-12-22 20:51:36.928 [info] fatal: not a git repository (or any parent up to mount point /)
Stopping at filesystem boundary (GIT_DISCOVERY_ACROSS_FILESYSTEM not set).
2025-12-22 20:51:36.933 [info] > git rev-parse --show-toplevel [1ms]
2025-12-22 20:51:36.933 [info] fatal: not a git repository (or any parent up to mount point /)
Stopping at filesystem boundary (GIT_DISCOVERY_ACROSS_FILESYSTEM not set).
2025-12-22 20:51:36.938 [info] > git rev-parse --show-toplevel [1ms]
2025-12-22 20:51:36.938 [info] fatal: not a git repository (or any parent up to mount point /)
Stopping at filesystem boundary (GIT_DISCOVERY_ACROSS_FILESYSTEM not set).
2025-12-22 20:51:36.943 [info] > git rev-parse --show-toplevel [1ms]
2025-12-22 20:51:36.943 [info] fatal: not a git repository (or any parent up to mount point /)
Stopping at filesystem boundary (GIT_DISCOVERY_ACROSS_FILESYSTEM not set).
2025-12-22 20:51:36.948 [info] > git rev-parse --show-toplevel [1ms]
2025-12-22 20:51:36.948 [info] fatal: not a git repository (or any parent up to mount point /)
Stopping at filesystem boundary (GIT_DISCOVERY_ACROSS_FILESYSTEM not set).
2025-12-22 20:51:36.953 [info] > git rev-parse --show-toplevel [1ms]
2025-12-22 20:51:36.953 [info] fatal: not a git repository (or any parent up to mount point /)
Stopping at filesystem boundary (GIT_DISCOVERY_ACROSS_FILESYSTEM not set).
2025-12-22 20:51:36.958 [info] > git rev-parse --show-toplevel [1ms]
2025-12-22 20:51:36.958 [info] fatal: not a git repository (or any parent up to mount point /)
Stopping at filesystem boundary (GIT_DISCOVERY_ACROSS_FILESYSTEM not set).
2025-12-22 20:51:36.965 [info] > git rev-parse --show-toplevel [2ms]
2025-12-22 20:51:36.965 [info] fatal: not a git repository (or any parent up to mount point /)
Stopping at filesystem boundary (GIT_DISCOVERY_ACROSS_FILESYSTEM not set).
2025-12-22 20:51:36.972 [info] > git rev-parse --show-toplevel [1ms]
2025-12-22 20:51:36.972 [info] fatal: not a git repository (or any parent up to mount point /)
Stopping at filesystem boundary (GIT_DISCOVERY_ACROSS_FILESYSTEM not set).
2025-12-22 20:51:36.977 [info] > git rev-parse --show-toplevel [2ms]
2025-12-22 20:51:36.977 [info] fatal: not a git repository (or any parent up to mount point /)
Stopping at filesystem boundary (GIT_DISCOVERY_ACROSS_FILESYSTEM not set).
2025-12-22 20:51:36.982 [info] > git rev-parse --show-toplevel [1ms]
2025-12-22 20:51:36.982 [info] fatal: not a git repository (or any parent up to mount point /)
Stopping at filesystem boundary (GIT_DISCOVERY_ACROSS_FILESYSTEM not set).
2025-12-22 20:51:36.987 [info] > git rev-parse --show-toplevel [1ms]
2025-12-22 20:51:36.987 [info] fatal: not a git repository (or any parent up to mount point /)
Stopping at filesystem boundary (GIT_DISCOVERY_ACROSS_FILESYSTEM not set).
2025-12-22 20:51:36.992 [info] > git rev-parse --show-toplevel [1ms]
2025-12-22 20:51:36.992 [info] fatal: not a git repository (or any parent up to mount point /)
Stopping at filesystem boundary (GIT_DISCOVERY_ACROSS_FILESYSTEM not set).
2025-12-22 20:51:36.998 [info] > git rev-parse --show-toplevel [1ms]
2025-12-22 20:51:36.998 [info] fatal: not a git repository (or any parent up to mount point /)
Stopping at filesystem boundary (GIT_DISCOVERY_ACROSS_FILESYSTEM not set).
2025-12-22 20:51:37.004 [info] > git rev-parse --show-toplevel [2ms]
2025-12-22 20:51:37.004 [info] fatal: not a git repository (or any parent up to mount point /)
Stopping at filesystem boundary (GIT_DISCOVERY_ACROSS_FILESYSTEM not set).
2025-12-22 20:51:37.009 [info] > git rev-parse --show-toplevel [1ms]
2025-12-22 20:51:37.009 [info] fatal: not a git repository (or any parent up to mount point /)
Stopping at filesystem boundary (GIT_DISCOVERY_ACROSS_FILESYSTEM not set).
2025-12-22 20:51:37.015 [info] > git rev-parse --show-toplevel [2ms]
2025-12-22 20:51:37.015 [info] fatal: not a git repository (or any parent up to mount point /)
Stopping at filesystem boundary (GIT_DISCOVERY_ACROSS_FILESYSTEM not set).
2025-12-22 20:51:37.021 [info] > git rev-parse --show-toplevel [1ms]
2025-12-22 20:51:37.021 [info] fatal: not a git repository (or any parent up to mount point /)
Stopping at filesystem boundary (GIT_DISCOVERY_ACROSS_FILESYSTEM not set).
2025-12-22 20:51:37.029 [info] > git rev-parse --show-toplevel [3ms]
2025-12-22 20:51:37.029 [info] fatal: not a git repository (or any parent up to mount point /)
Stopping at filesystem boundary (GIT_DISCOVERY_ACROSS_FILESYSTEM not set).
2025-12-22 20:51:37.036 [info] > git rev-parse --show-toplevel [1ms]
2025-12-22 20:51:37.036 [info] fatal: not a git repository (or any parent up to mount point /)
Stopping at filesystem boundary (GIT_DISCOVERY_ACROSS_FILESYSTEM not set).
2025-12-22 20:51:37.042 [info] > git rev-parse --show-toplevel [2ms]
2025-12-22 20:51:37.042 [info] fatal: not a git repository (or any parent up to mount point /)
Stopping at filesystem boundary (GIT_DISCOVERY_ACROSS_FILESYSTEM not set).
2025-12-22 20:51:37.048 [info] > git rev-parse --show-toplevel [1ms]
2025-12-22 20:51:37.048 [info] fatal: not a git repository (or any parent up to mount point /)
Stopping at filesystem boundary (GIT_DISCOVERY_ACROSS_FILESYSTEM not set).
2025-12-22 20:51:37.053 [info] > git rev-parse --show-toplevel [1ms]
2025-12-22 20:51:37.053 [info] fatal: not a git repository (or any parent up to mount point /)
Stopping at filesystem boundary (GIT_DISCOVERY_ACROSS_FILESYSTEM not set).
2025-12-22 20:51:37.058 [info] > git rev-parse --show-toplevel [1ms]
2025-12-22 20:51:37.058 [info] fatal: not a git repository (or any parent up to mount point /)
Stopping at filesystem boundary (GIT_DISCOVERY_ACROSS_FILESYSTEM not set).
2025-12-22 20:51:37.063 [info] > git rev-parse --show-toplevel [1ms]
2025-12-22 20:51:37.064 [info] fatal: not a git repository (or any parent up to mount point /)
Stopping at filesystem boundary (GIT_DISCOVERY_ACROSS_FILESYSTEM not set).
2025-12-22 20:51:37.064 [info] [Model][doInitialScan] Initial repository scan completed - repositories (0), closed repositories (0), parent repositories (0), unsafe repositories (0)
2025-12-22 20:51:42.769 [info] > git rev-parse --show-toplevel [2ms]
2025-12-22 20:51:42.769 [info] fatal: not a git repository (or any parent up to mount point /)
Stopping at filesystem boundary (GIT_DISCOVERY_ACROSS_FILESYSTEM not set).
