2026-01-22 19:43:08.453 [info] [main] Log level: Info
2026-01-22 19:43:08.453 [info] [main] Validating found git in: "git"
2026-01-22 19:43:08.453 [info] [main] Using git "2.52.0" from "git"
2026-01-22 19:43:08.453 [info] [Model][doInitialScan] Initial repository scan started
2026-01-22 19:43:08.454 [info] > git rev-parse --show-toplevel [16ms]
2026-01-22 19:43:08.454 [info] > git rev-parse --git-dir --git-common-dir --show-superproject-working-tree [5ms]
2026-01-22 19:43:08.454 [info] [Model][openRepository] Opened repository (path): /home/z3ncoding123/GitHub/backup-files
2026-01-22 19:43:08.454 [info] [Model][openRepository] Opened repository (real path): /home/z3ncoding123/GitHub/backup-files
2026-01-22 19:43:08.454 [info] [Model][openRepository] Opened repository (kind): repository
2026-01-22 19:43:08.454 [info] > git config --get commit.template [8ms]
2026-01-22 19:43:08.456 [info] > git rev-parse --show-toplevel [21ms]
2026-01-22 19:43:08.467 [info] > git for-each-ref --format=%(refname)%00%(upstream:short)%00%(objectname)%00%(upstream:track)%00%(upstream:remotename)%00%(upstream:remoteref) refs/heads/main refs/remotes/main [18ms]
2026-01-22 19:43:08.483 [warning] [Git][revParse] Unable to read file: ENOENT: no such file or directory, open '/home/z3ncoding123/GitHub/backup-files/.git/refs/remotes/origin/main'
2026-01-22 19:43:08.485 [info] > git rev-parse --show-toplevel [20ms]
2026-01-22 19:43:08.501 [info] > git rev-parse refs/remotes/origin/main [20ms]
2026-01-22 19:43:08.539 [info] > git status -z -uall [21ms]
2026-01-22 19:43:08.539 [info] > git for-each-ref --sort -committerdate --format %(refname)%00%(objectname)%00%(*objectname) [6ms]
2026-01-22 19:43:08.604 [info] > git rev-parse --show-toplevel [106ms]
2026-01-22 19:43:08.622 [info] > git for-each-ref --format=%(refname)%00%(upstream:short)%00%(objectname)%00%(upstream:track)%00%(upstream:remotename)%00%(upstream:remoteref) refs/heads/main refs/remotes/main [23ms]
2026-01-22 19:43:08.644 [info] > git config --get --local branch.main.vscode-merge-base [8ms]
2026-01-22 19:43:08.644 [warning] [Git][config] git config failed: Failed to execute git
2026-01-22 19:43:08.651 [info] > git rev-parse --show-toplevel [30ms]
2026-01-22 19:43:08.651 [info] > git config --get commit.template [38ms]
2026-01-22 19:43:08.671 [info] > git reflog main --grep-reflog=branch: Created from *. [21ms]
2026-01-22 19:43:08.680 [info] > git for-each-ref --format=%(refname)%00%(upstream:short)%00%(objectname)%00%(upstream:track)%00%(upstream:remotename)%00%(upstream:remoteref) refs/heads/main refs/remotes/main [10ms]
2026-01-22 19:43:08.680 [info] > git rev-parse --show-toplevel [20ms]
2026-01-22 19:43:08.681 [info] [Model][doInitialScan] Initial repository scan completed - repositories (1), closed repositories (0), parent repositories (0), unsafe repositories (0)
2026-01-22 19:43:08.687 [warning] [Git][revParse] Unable to read file: ENOENT: no such file or directory, open '/home/z3ncoding123/GitHub/backup-files/.git/refs/remotes/origin/main'
2026-01-22 19:43:08.688 [info] > git symbolic-ref --short refs/remotes/origin/HEAD [9ms]
2026-01-22 19:43:08.696 [info] > git rev-parse refs/remotes/origin/main [9ms]
2026-01-22 19:43:08.710 [info] > git status -z -uall [9ms]
2026-01-22 19:43:08.711 [info] > git for-each-ref --format=%(refname)%00%(upstream:short)%00%(objectname)%00%(upstream:track)%00%(upstream:remotename)%00%(upstream:remoteref) refs/heads/origin/main refs/remotes/origin/main [17ms]
2026-01-22 19:43:08.718 [info] > git for-each-ref --sort -committerdate --format %(refname)%00%(objectname)%00%(*objectname) [11ms]
2026-01-22 19:43:08.726 [info] > git config --add --local branch.main.vscode-merge-base origin/main [9ms]
2026-01-22 19:43:08.739 [info] > git config --get commit.template [2ms]
2026-01-22 19:43:08.747 [info] > git for-each-ref --format=%(refname)%00%(upstream:short)%00%(objectname)%00%(upstream:track)%00%(upstream:remotename)%00%(upstream:remoteref) refs/heads/main refs/remotes/main [3ms]
2026-01-22 19:43:08.752 [warning] [Git][revParse] Unable to read file: ENOENT: no such file or directory, open '/home/z3ncoding123/GitHub/backup-files/.git/refs/remotes/origin/main'
2026-01-22 19:43:08.754 [info] > git rev-parse refs/remotes/origin/main [2ms]
2026-01-22 19:43:08.770 [info] > git status -z -uall [10ms]
2026-01-22 19:43:08.774 [info] > git for-each-ref --sort -committerdate --format %(refname)%00%(objectname)%00%(*objectname) [5ms]
2026-01-22 19:43:08.799 [info] > git merge-base refs/heads/main refs/remotes/origin/main [9ms]
2026-01-22 19:43:08.808 [info] > git diff --name-status -z --diff-filter=ADMR --find-renames=50% 442a2a4f079bd71d3479ccf5d27e0bcbb5e0da2b...refs/remotes/origin/main -- [2ms]
2026-01-22 19:43:08.810 [info] > git merge-base refs/heads/main refs/remotes/origin/main [12ms]
2026-01-22 19:43:08.820 [info] > git diff --name-status -z --diff-filter=ADMR --find-renames=50% 442a2a4f079bd71d3479ccf5d27e0bcbb5e0da2b...refs/remotes/origin/main -- [3ms]
2026-01-22 19:43:08.944 [info] > git check-ignore -v -z --stdin [6ms]
2026-01-22 19:43:09.851 [info] > git config --get commit.template [14ms]
2026-01-22 19:43:09.853 [info] > git for-each-ref --format=%(refname)%00%(upstream:short)%00%(objectname)%00%(upstream:track)%00%(upstream:remotename)%00%(upstream:remoteref) refs/heads/main refs/remotes/main [4ms]
2026-01-22 19:43:09.860 [warning] [Git][revParse] Unable to read file: ENOENT: no such file or directory, open '/home/z3ncoding123/GitHub/backup-files/.git/refs/remotes/origin/main'
2026-01-22 19:43:09.863 [info] > git rev-parse refs/remotes/origin/main [3ms]
2026-01-22 19:43:09.878 [info] > git status -z -uall [9ms]
2026-01-22 19:43:09.880 [info] > git for-each-ref --sort -committerdate --format %(refname)%00%(objectname)%00%(*objectname) [4ms]
2026-01-22 19:44:15.164 [info] [main] Log level: Info
2026-01-22 19:44:15.164 [info] [main] Validating found git in: "git"
2026-01-22 19:44:15.164 [info] [main] Using git "2.52.0" from "git"
2026-01-22 19:44:15.164 [info] [Model][doInitialScan] Initial repository scan started
2026-01-22 19:44:15.164 [info] > git rev-parse --show-toplevel [11ms]
2026-01-22 19:44:15.177 [info] > git rev-parse --git-dir --git-common-dir --show-superproject-working-tree [7ms]
2026-01-22 19:44:15.209 [info] [Model][openRepository] Opened repository (path): /home/z3ncoding123/GitHub/backup-files
2026-01-22 19:44:15.209 [info] [Model][openRepository] Opened repository (real path): /home/z3ncoding123/GitHub/backup-files
2026-01-22 19:44:15.209 [info] [Model][openRepository] Opened repository (kind): repository
2026-01-22 19:44:15.245 [info] > git rev-parse --show-toplevel [10ms]
2026-01-22 19:44:15.245 [info] fatal: not a git repository (or any parent up to mount point /)
Stopping at filesystem boundary (GIT_DISCOVERY_ACROSS_FILESYSTEM not set).
2026-01-22 19:44:15.247 [info] > git config --get commit.template [22ms]
2026-01-22 19:44:15.275 [info] > git for-each-ref --format=%(refname)%00%(upstream:short)%00%(objectname)%00%(upstream:track)%00%(upstream:remotename)%00%(upstream:remoteref) refs/heads/main refs/remotes/main [7ms]
2026-01-22 19:44:15.276 [info] > git rev-parse --show-toplevel [16ms]
2026-01-22 19:44:15.281 [warning] [Git][revParse] Unable to read file: ENOENT: no such file or directory, open '/home/z3ncoding123/GitHub/backup-files/.git/refs/remotes/origin/main'
2026-01-22 19:44:15.303 [info] > git rev-parse --show-toplevel [16ms]
2026-01-22 19:44:15.304 [info] > git rev-parse refs/remotes/origin/main [23ms]
2026-01-22 19:44:15.335 [info] > git status -z -uall [22ms]
2026-01-22 19:44:15.378 [info] > git rev-parse --show-toplevel [46ms]
2026-01-22 19:44:15.378 [info] > git for-each-ref --sort -committerdate --format %(refname)%00%(objectname)%00%(*objectname) [56ms]
2026-01-22 19:44:15.451 [info] > git for-each-ref --format=%(refname)%00%(upstream:short)%00%(objectname)%00%(upstream:track)%00%(upstream:remotename)%00%(upstream:remoteref) refs/heads/main refs/remotes/main [26ms]
2026-01-22 19:44:15.464 [info] > git config --get --local branch.main.vscode-merge-base [5ms]
2026-01-22 19:44:15.471 [info] > git config --get commit.template [20ms]
2026-01-22 19:44:15.472 [info] > git rev-parse --show-toplevel [28ms]
2026-01-22 19:44:15.481 [info] > git for-each-ref --format=%(refname)%00%(upstream:short)%00%(objectname)%00%(upstream:track)%00%(upstream:remotename)%00%(upstream:remoteref) refs/heads/origin/main refs/remotes/origin/main [11ms]
2026-01-22 19:44:15.499 [info] > git merge-base refs/heads/main refs/remotes/origin/main [9ms]
2026-01-22 19:44:15.507 [info] > git rev-parse --show-toplevel [27ms]
2026-01-22 19:44:15.509 [info] > git for-each-ref --format=%(refname)%00%(upstream:short)%00%(objectname)%00%(upstream:track)%00%(upstream:remotename)%00%(upstream:remoteref) refs/heads/main refs/remotes/main [11ms]
2026-01-22 19:44:15.516 [warning] [Git][revParse] Unable to read file: ENOENT: no such file or directory, open '/home/z3ncoding123/GitHub/backup-files/.git/refs/remotes/origin/main'
2026-01-22 19:44:15.516 [info] > git diff --name-status -z --diff-filter=ADMR --find-renames=50% 442a2a4f079bd71d3479ccf5d27e0bcbb5e0da2b...refs/remotes/origin/main -- [10ms]
2026-01-22 19:44:15.519 [info] > git rev-parse refs/remotes/origin/main [3ms]
2026-01-22 19:44:15.533 [info] > git status -z -uall [9ms]
2026-01-22 19:44:15.535 [info] > git for-each-ref --sort -committerdate --format %(refname)%00%(objectname)%00%(*objectname) [3ms]
2026-01-22 19:44:15.559 [info] > git rev-parse --show-toplevel [1ms]
2026-01-22 19:44:15.559 [info] fatal: not a git repository (or any parent up to mount point /)
Stopping at filesystem boundary (GIT_DISCOVERY_ACROSS_FILESYSTEM not set).
2026-01-22 19:44:15.566 [info] > git rev-parse --show-toplevel [2ms]
2026-01-22 19:44:15.566 [info] fatal: not a git repository (or any parent up to mount point /)
Stopping at filesystem boundary (GIT_DISCOVERY_ACROSS_FILESYSTEM not set).
2026-01-22 19:44:15.575 [info] > git rev-parse --show-toplevel [3ms]
2026-01-22 19:44:15.575 [info] fatal: not a git repository (or any parent up to mount point /)
Stopping at filesystem boundary (GIT_DISCOVERY_ACROSS_FILESYSTEM not set).
2026-01-22 19:44:15.582 [info] > git rev-parse --show-toplevel [2ms]
2026-01-22 19:44:15.582 [info] fatal: not a git repository (or any parent up to mount point /)
Stopping at filesystem boundary (GIT_DISCOVERY_ACROSS_FILESYSTEM not set).
2026-01-22 19:44:15.588 [info] > git rev-parse --show-toplevel [1ms]
2026-01-22 19:44:15.589 [info] fatal: not a git repository (or any parent up to mount point /)
Stopping at filesystem boundary (GIT_DISCOVERY_ACROSS_FILESYSTEM not set).
2026-01-22 19:44:15.596 [info] > git rev-parse --show-toplevel [1ms]
2026-01-22 19:44:15.596 [info] fatal: not a git repository (or any parent up to mount point /)
Stopping at filesystem boundary (GIT_DISCOVERY_ACROSS_FILESYSTEM not set).
2026-01-22 19:44:15.603 [info] > git rev-parse --show-toplevel [1ms]
2026-01-22 19:44:15.603 [info] fatal: not a git repository (or any parent up to mount point /)
Stopping at filesystem boundary (GIT_DISCOVERY_ACROSS_FILESYSTEM not set).
2026-01-22 19:44:15.612 [info] > git rev-parse --show-toplevel [2ms]
2026-01-22 19:44:15.612 [info] fatal: not a git repository (or any parent up to mount point /)
Stopping at filesystem boundary (GIT_DISCOVERY_ACROSS_FILESYSTEM not set).
2026-01-22 19:44:15.619 [info] > git rev-parse --show-toplevel [1ms]
2026-01-22 19:44:15.619 [info] fatal: not a git repository (or any parent up to mount point /)
Stopping at filesystem boundary (GIT_DISCOVERY_ACROSS_FILESYSTEM not set).
2026-01-22 19:44:15.627 [info] > git rev-parse --show-toplevel [2ms]
2026-01-22 19:44:15.627 [info] fatal: not a git repository (or any parent up to mount point /)
Stopping at filesystem boundary (GIT_DISCOVERY_ACROSS_FILESYSTEM not set).
2026-01-22 19:44:15.635 [info] > git rev-parse --show-toplevel [1ms]
2026-01-22 19:44:15.635 [info] fatal: not a git repository (or any parent up to mount point /)
Stopping at filesystem boundary (GIT_DISCOVERY_ACROSS_FILESYSTEM not set).
2026-01-22 19:44:15.644 [info] > git rev-parse --show-toplevel [2ms]
2026-01-22 19:44:15.644 [info] fatal: not a git repository (or any parent up to mount point /)
Stopping at filesystem boundary (GIT_DISCOVERY_ACROSS_FILESYSTEM not set).
2026-01-22 19:44:15.651 [info] > git rev-parse --show-toplevel [2ms]
2026-01-22 19:44:15.651 [info] fatal: not a git repository (or any parent up to mount point /)
Stopping at filesystem boundary (GIT_DISCOVERY_ACROSS_FILESYSTEM not set).
2026-01-22 19:44:15.659 [info] > git rev-parse --show-toplevel [3ms]
2026-01-22 19:44:15.659 [info] fatal: not a git repository (or any parent up to mount point /)
Stopping at filesystem boundary (GIT_DISCOVERY_ACROSS_FILESYSTEM not set).
2026-01-22 19:44:15.667 [info] > git rev-parse --show-toplevel [2ms]
2026-01-22 19:44:15.667 [info] fatal: not a git repository (or any parent up to mount point /)
Stopping at filesystem boundary (GIT_DISCOVERY_ACROSS_FILESYSTEM not set).
2026-01-22 19:44:15.677 [info] > git rev-parse --show-toplevel [2ms]
2026-01-22 19:44:15.677 [info] fatal: not a git repository (or any parent up to mount point /)
Stopping at filesystem boundary (GIT_DISCOVERY_ACROSS_FILESYSTEM not set).
2026-01-22 19:44:15.687 [info] > git rev-parse --show-toplevel [2ms]
2026-01-22 19:44:15.687 [info] fatal: not a git repository (or any parent up to mount point /)
Stopping at filesystem boundary (GIT_DISCOVERY_ACROSS_FILESYSTEM not set).
2026-01-22 19:44:15.701 [info] > git rev-parse --show-toplevel [4ms]
2026-01-22 19:44:15.701 [info] fatal: not a git repository (or any parent up to mount point /)
Stopping at filesystem boundary (GIT_DISCOVERY_ACROSS_FILESYSTEM not set).
2026-01-22 19:44:15.716 [info] > git rev-parse --show-toplevel [5ms]
2026-01-22 19:44:15.717 [info] fatal: not a git repository (or any parent up to mount point /)
Stopping at filesystem boundary (GIT_DISCOVERY_ACROSS_FILESYSTEM not set).
2026-01-22 19:44:15.731 [info] > git rev-parse --show-toplevel [3ms]
2026-01-22 19:44:15.731 [info] fatal: not a git repository (or any parent up to mount point /)
Stopping at filesystem boundary (GIT_DISCOVERY_ACROSS_FILESYSTEM not set).
2026-01-22 19:44:15.743 [info] > git rev-parse --show-toplevel [4ms]
2026-01-22 19:44:15.743 [info] fatal: not a git repository (or any parent up to mount point /)
Stopping at filesystem boundary (GIT_DISCOVERY_ACROSS_FILESYSTEM not set).
2026-01-22 19:44:15.770 [info] > git check-ignore -v -z --stdin [4ms]
2026-01-22 19:44:15.771 [info] > git rev-parse --show-toplevel [19ms]
2026-01-22 19:44:15.772 [info] fatal: not a git repository (or any parent up to mount point /)
Stopping at filesystem boundary (GIT_DISCOVERY_ACROSS_FILESYSTEM not set).
2026-01-22 19:44:15.785 [info] > git rev-parse --show-toplevel [4ms]
2026-01-22 19:44:15.785 [info] fatal: not a git repository (or any parent up to mount point /)
Stopping at filesystem boundary (GIT_DISCOVERY_ACROSS_FILESYSTEM not set).
2026-01-22 19:44:15.797 [info] > git rev-parse --show-toplevel [3ms]
2026-01-22 19:44:15.797 [info] fatal: not a git repository (or any parent up to mount point /)
Stopping at filesystem boundary (GIT_DISCOVERY_ACROSS_FILESYSTEM not set).
2026-01-22 19:44:15.808 [info] > git rev-parse --show-toplevel [3ms]
2026-01-22 19:44:15.808 [info] fatal: not a git repository (or any parent up to mount point /)
Stopping at filesystem boundary (GIT_DISCOVERY_ACROSS_FILESYSTEM not set).
2026-01-22 19:44:15.817 [info] > git rev-parse --show-toplevel [2ms]
2026-01-22 19:44:15.817 [info] fatal: not a git repository (or any parent up to mount point /)
Stopping at filesystem boundary (GIT_DISCOVERY_ACROSS_FILESYSTEM not set).
2026-01-22 19:44:15.826 [info] > git rev-parse --show-toplevel [3ms]
2026-01-22 19:44:15.826 [info] fatal: not a git repository (or any parent up to mount point /)
Stopping at filesystem boundary (GIT_DISCOVERY_ACROSS_FILESYSTEM not set).
2026-01-22 19:44:15.835 [info] > git rev-parse --show-toplevel [2ms]
2026-01-22 19:44:15.835 [info] fatal: not a git repository (or any parent up to mount point /)
Stopping at filesystem boundary (GIT_DISCOVERY_ACROSS_FILESYSTEM not set).
2026-01-22 19:44:15.843 [info] > git rev-parse --show-toplevel [2ms]
2026-01-22 19:44:15.843 [info] fatal: not a git repository (or any parent up to mount point /)
Stopping at filesystem boundary (GIT_DISCOVERY_ACROSS_FILESYSTEM not set).
2026-01-22 19:44:15.851 [info] > git rev-parse --show-toplevel [2ms]
2026-01-22 19:44:15.851 [info] fatal: not a git repository (or any parent up to mount point /)
Stopping at filesystem boundary (GIT_DISCOVERY_ACROSS_FILESYSTEM not set).
2026-01-22 19:44:15.861 [info] > git rev-parse --show-toplevel [2ms]
2026-01-22 19:44:15.861 [info] fatal: not a git repository (or any parent up to mount point /)
Stopping at filesystem boundary (GIT_DISCOVERY_ACROSS_FILESYSTEM not set).
2026-01-22 19:44:15.871 [info] > git rev-parse --show-toplevel [3ms]
2026-01-22 19:44:15.871 [info] fatal: not a git repository (or any parent up to mount point /)
Stopping at filesystem boundary (GIT_DISCOVERY_ACROSS_FILESYSTEM not set).
2026-01-22 19:44:15.882 [info] > git rev-parse --show-toplevel [3ms]
2026-01-22 19:44:15.882 [info] fatal: not a git repository (or any parent up to mount point /)
Stopping at filesystem boundary (GIT_DISCOVERY_ACROSS_FILESYSTEM not set).
2026-01-22 19:44:15.894 [info] > git rev-parse --show-toplevel [4ms]
2026-01-22 19:44:15.894 [info] fatal: not a git repository (or any parent up to mount point /)
Stopping at filesystem boundary (GIT_DISCOVERY_ACROSS_FILESYSTEM not set).
2026-01-22 19:44:15.905 [info] > git rev-parse --show-toplevel [3ms]
2026-01-22 19:44:15.905 [info] fatal: not a git repository (or any parent up to mount point /)
Stopping at filesystem boundary (GIT_DISCOVERY_ACROSS_FILESYSTEM not set).
2026-01-22 19:44:15.918 [info] > git rev-parse --show-toplevel [3ms]
2026-01-22 19:44:15.918 [info] fatal: not a git repository (or any parent up to mount point /)
Stopping at filesystem boundary (GIT_DISCOVERY_ACROSS_FILESYSTEM not set).
2026-01-22 19:44:15.932 [info] > git rev-parse --show-toplevel [3ms]
2026-01-22 19:44:15.932 [info] fatal: not a git repository (or any parent up to mount point /)
Stopping at filesystem boundary (GIT_DISCOVERY_ACROSS_FILESYSTEM not set).
2026-01-22 19:44:15.945 [info] > git rev-parse --show-toplevel [4ms]
2026-01-22 19:44:15.945 [info] fatal: not a git repository (or any parent up to mount point /)
Stopping at filesystem boundary (GIT_DISCOVERY_ACROSS_FILESYSTEM not set).
2026-01-22 19:44:15.954 [info] > git rev-parse --show-toplevel [2ms]
2026-01-22 19:44:15.954 [info] fatal: not a git repository (or any parent up to mount point /)
Stopping at filesystem boundary (GIT_DISCOVERY_ACROSS_FILESYSTEM not set).
2026-01-22 19:44:15.964 [info] > git rev-parse --show-toplevel [2ms]
2026-01-22 19:44:15.964 [info] fatal: not a git repository (or any parent up to mount point /)
Stopping at filesystem boundary (GIT_DISCOVERY_ACROSS_FILESYSTEM not set).
2026-01-22 19:44:15.976 [info] > git rev-parse --show-toplevel [3ms]
2026-01-22 19:44:15.976 [info] fatal: not a git repository (or any parent up to mount point /)
Stopping at filesystem boundary (GIT_DISCOVERY_ACROSS_FILESYSTEM not set).
2026-01-22 19:44:15.988 [info] > git rev-parse --show-toplevel [2ms]
2026-01-22 19:44:15.988 [info] fatal: not a git repository (or any parent up to mount point /)
Stopping at filesystem boundary (GIT_DISCOVERY_ACROSS_FILESYSTEM not set).
2026-01-22 19:44:16.000 [info] > git rev-parse --show-toplevel [3ms]
2026-01-22 19:44:16.000 [info] fatal: not a git repository (or any parent up to mount point /)
Stopping at filesystem boundary (GIT_DISCOVERY_ACROSS_FILESYSTEM not set).
2026-01-22 19:44:16.010 [info] > git rev-parse --show-toplevel [3ms]
2026-01-22 19:44:16.011 [info] fatal: not a git repository (or any parent up to mount point /)
Stopping at filesystem boundary (GIT_DISCOVERY_ACROSS_FILESYSTEM not set).
2026-01-22 19:44:16.029 [info] > git rev-parse --show-toplevel [7ms]
2026-01-22 19:44:16.029 [info] fatal: not a git repository (or any parent up to mount point /)
Stopping at filesystem boundary (GIT_DISCOVERY_ACROSS_FILESYSTEM not set).
2026-01-22 19:44:16.052 [info] > git rev-parse --show-toplevel [7ms]
2026-01-22 19:44:16.052 [info] fatal: not a git repository (or any parent up to mount point /)
Stopping at filesystem boundary (GIT_DISCOVERY_ACROSS_FILESYSTEM not set).
2026-01-22 19:44:16.069 [info] > git rev-parse --show-toplevel [3ms]
2026-01-22 19:44:16.069 [info] fatal: not a git repository (or any parent up to mount point /)
Stopping at filesystem boundary (GIT_DISCOVERY_ACROSS_FILESYSTEM not set).
2026-01-22 19:44:16.085 [info] > git rev-parse --show-toplevel [4ms]
2026-01-22 19:44:16.085 [info] fatal: not a git repository (or any parent up to mount point /)
Stopping at filesystem boundary (GIT_DISCOVERY_ACROSS_FILESYSTEM not set).
2026-01-22 19:44:16.102 [info] > git rev-parse --show-toplevel [5ms]
2026-01-22 19:44:16.103 [info] fatal: not a git repository (or any parent up to mount point /)
Stopping at filesystem boundary (GIT_DISCOVERY_ACROSS_FILESYSTEM not set).
2026-01-22 19:44:16.114 [info] > git rev-parse --show-toplevel [2ms]
2026-01-22 19:44:16.114 [info] fatal: not a git repository (or any parent up to mount point /)
Stopping at filesystem boundary (GIT_DISCOVERY_ACROSS_FILESYSTEM not set).
2026-01-22 19:44:16.124 [info] > git rev-parse --show-toplevel [2ms]
2026-01-22 19:44:16.125 [info] fatal: not a git repository (or any parent up to mount point /)
Stopping at filesystem boundary (GIT_DISCOVERY_ACROSS_FILESYSTEM not set).
2026-01-22 19:44:16.136 [info] > git rev-parse --show-toplevel [2ms]
2026-01-22 19:44:16.136 [info] fatal: not a git repository (or any parent up to mount point /)
Stopping at filesystem boundary (GIT_DISCOVERY_ACROSS_FILESYSTEM not set).
2026-01-22 19:44:16.143 [info] > git rev-parse --show-toplevel [2ms]
2026-01-22 19:44:16.144 [info] fatal: not a git repository (or any parent up to mount point /)
Stopping at filesystem boundary (GIT_DISCOVERY_ACROSS_FILESYSTEM not set).
2026-01-22 19:44:16.151 [info] > git rev-parse --show-toplevel [2ms]
2026-01-22 19:44:16.151 [info] fatal: not a git repository (or any parent up to mount point /)
Stopping at filesystem boundary (GIT_DISCOVERY_ACROSS_FILESYSTEM not set).
2026-01-22 19:44:16.159 [info] > git rev-parse --show-toplevel [2ms]
2026-01-22 19:44:16.159 [info] fatal: not a git repository (or any parent up to mount point /)
Stopping at filesystem boundary (GIT_DISCOVERY_ACROSS_FILESYSTEM not set).
2026-01-22 19:44:16.166 [info] > git rev-parse --show-toplevel [1ms]
2026-01-22 19:44:16.166 [info] fatal: not a git repository (or any parent up to mount point /)
Stopping at filesystem boundary (GIT_DISCOVERY_ACROSS_FILESYSTEM not set).
2026-01-22 19:44:16.173 [info] > git rev-parse --show-toplevel [1ms]
2026-01-22 19:44:16.173 [info] fatal: not a git repository (or any parent up to mount point /)
Stopping at filesystem boundary (GIT_DISCOVERY_ACROSS_FILESYSTEM not set).
2026-01-22 19:44:16.181 [info] > git rev-parse --show-toplevel [2ms]
2026-01-22 19:44:16.181 [info] fatal: not a git repository (or any parent up to mount point /)
Stopping at filesystem boundary (GIT_DISCOVERY_ACROSS_FILESYSTEM not set).
2026-01-22 19:44:16.188 [info] > git rev-parse --show-toplevel [2ms]
2026-01-22 19:44:16.188 [info] fatal: not a git repository (or any parent up to mount point /)
Stopping at filesystem boundary (GIT_DISCOVERY_ACROSS_FILESYSTEM not set).
2026-01-22 19:44:16.196 [info] > git rev-parse --show-toplevel [1ms]
2026-01-22 19:44:16.196 [info] fatal: not a git repository (or any parent up to mount point /)
Stopping at filesystem boundary (GIT_DISCOVERY_ACROSS_FILESYSTEM not set).
2026-01-22 19:44:16.204 [info] > git rev-parse --show-toplevel [2ms]
2026-01-22 19:44:16.204 [info] fatal: not a git repository (or any parent up to mount point /)
Stopping at filesystem boundary (GIT_DISCOVERY_ACROSS_FILESYSTEM not set).
2026-01-22 19:44:16.217 [info] > git rev-parse --show-toplevel [5ms]
2026-01-22 19:44:16.217 [info] fatal: not a git repository (or any parent up to mount point /)
Stopping at filesystem boundary (GIT_DISCOVERY_ACROSS_FILESYSTEM not set).
2026-01-22 19:44:16.218 [info] [Model][doInitialScan] Initial repository scan completed - repositories (1), closed repositories (0), parent repositories (0), unsafe repositories (0)
