2025-12-22 22:10:31.785 [info] Reading sessions from keychain...
2025-12-22 22:10:31.785 [info] Getting sessions for all scopes...
2025-12-22 22:10:31.785 [info] Got 0 sessions for ...
2025-12-22 22:10:31.785 [info] Getting sessions for all scopes...
2025-12-22 22:10:31.785 [info] Got 0 sessions for ...
2025-12-22 22:10:31.785 [info] Getting sessions for all scopes...
2025-12-22 22:10:31.785 [info] Got 0 sessions for ...
2025-12-22 22:10:31.785 [info] Getting sessions for all scopes...
2025-12-22 22:10:31.785 [info] Got 0 sessions for ...
2025-12-22 22:10:31.785 [info] Getting sessions for all scopes...
2025-12-22 22:10:31.785 [info] Got 0 sessions for ...
2025-12-22 22:10:31.785 [info] Getting sessions for all scopes...
2025-12-22 22:10:31.785 [info] Got 0 sessions for ...
2025-12-22 22:10:31.785 [info] Getting sessions for all scopes...
2025-12-22 22:10:31.785 [info] Got 0 sessions for ...
2025-12-22 22:10:31.915 [info] Getting sessions for all scopes...
2025-12-22 22:10:31.916 [info] Got 0 sessions for ...
2025-12-22 22:10:31.916 [info] Getting sessions for all scopes...
2025-12-22 22:10:31.916 [info] Got 0 sessions for ...
2025-12-22 22:10:31.917 [info] Getting sessions for all scopes...
2025-12-22 22:10:31.917 [info] Got 0 sessions for ...
2025-12-22 22:10:31.917 [info] Getting sessions for all scopes...
2025-12-22 22:10:31.917 [info] Got 0 sessions for ...
2025-12-22 22:10:31.918 [info] Getting sessions for all scopes...
2025-12-22 22:10:31.918 [info] Got 0 sessions for ...
2025-12-22 22:10:31.919 [info] Getting sessions for all scopes...
2025-12-22 22:10:31.919 [info] Got 0 sessions for ...
2025-12-22 22:10:33.192 [info] Getting sessions for all scopes...
2025-12-22 22:10:33.192 [info] Got 0 sessions for ...
2025-12-22 22:10:34.208 [info] Getting sessions for read:user,repo,user:email,workflow...
2025-12-22 22:10:34.208 [info] Got 0 sessions for read:user,repo,user:email,workflow...
2025-12-22 22:10:36.109 [info] Getting sessions for read:user,repo,user:email,workflow...
2025-12-22 22:10:36.109 [info] Got 0 sessions for read:user,repo,user:email,workflow...
2025-12-22 22:10:37.071 [info] Getting sessions for all scopes...
2025-12-22 22:10:37.071 [info] Got 0 sessions for ...
