2026-01-22 19:42:39.834 [info] Reading sessions from keychain...
2026-01-22 19:42:39.834 [info] Getting sessions for all scopes...
2026-01-22 19:42:39.834 [info] Got 0 sessions for ...
2026-01-22 19:42:39.834 [info] Getting sessions for all scopes...
2026-01-22 19:42:39.834 [info] Got 0 sessions for ...
2026-01-22 19:42:39.834 [info] Getting sessions for all scopes...
2026-01-22 19:42:39.834 [info] Got 0 sessions for ...
2026-01-22 19:42:39.834 [info] Getting sessions for all scopes...
2026-01-22 19:42:39.834 [info] Got 0 sessions for ...
2026-01-22 19:42:39.834 [info] Getting sessions for all scopes...
2026-01-22 19:42:39.834 [info] Got 0 sessions for ...
2026-01-22 19:42:39.834 [info] Getting sessions for all scopes...
2026-01-22 19:42:39.834 [info] Got 0 sessions for ...
2026-01-22 19:42:39.834 [info] Getting sessions for all scopes...
2026-01-22 19:42:39.834 [info] Got 0 sessions for ...
2026-01-22 19:42:39.834 [info] Getting sessions for all scopes...
2026-01-22 19:42:39.834 [info] Got 0 sessions for ...
2026-01-22 19:42:39.834 [info] Getting sessions for all scopes...
2026-01-22 19:42:39.834 [info] Got 0 sessions for ...
2026-01-22 19:42:39.834 [info] Getting sessions for all scopes...
2026-01-22 19:42:39.834 [info] Got 0 sessions for ...
2026-01-22 19:42:39.834 [info] Getting sessions for all scopes...
2026-01-22 19:42:39.834 [info] Got 0 sessions for ...
2026-01-22 19:42:39.834 [info] Getting sessions for all scopes...
2026-01-22 19:42:39.834 [info] Got 0 sessions for ...
2026-01-22 19:42:39.834 [info] Getting sessions for all scopes...
2026-01-22 19:42:39.834 [info] Got 0 sessions for ...
2026-01-22 19:42:39.834 [info] Getting sessions for all scopes...
2026-01-22 19:42:39.834 [info] Got 0 sessions for ...
2026-01-22 19:42:41.462 [info] Getting sessions for all scopes...
2026-01-22 19:42:41.462 [info] Got 0 sessions for ...
2026-01-22 19:43:08.682 [info] Getting sessions for read:user,repo,user:email,workflow...
2026-01-22 19:43:08.682 [info] Got 0 sessions for read:user,repo,user:email,workflow...
2026-01-22 19:44:14.469 [info] Reading sessions from keychain...
2026-01-22 19:44:14.470 [info] Getting sessions for all scopes...
2026-01-22 19:44:14.470 [info] Got 0 sessions for ...
2026-01-22 19:44:14.470 [info] Getting sessions for all scopes...
2026-01-22 19:44:14.470 [info] Got 0 sessions for ...
2026-01-22 19:44:14.470 [info] Getting sessions for all scopes...
2026-01-22 19:44:14.470 [info] Got 0 sessions for ...
2026-01-22 19:44:14.470 [info] Getting sessions for all scopes...
2026-01-22 19:44:14.470 [info] Got 0 sessions for ...
2026-01-22 19:44:14.470 [info] Getting sessions for all scopes...
2026-01-22 19:44:14.470 [info] Got 0 sessions for ...
2026-01-22 19:44:15.546 [info] Getting sessions for read:user,repo,user:email,workflow...
2026-01-22 19:44:15.546 [info] Got 0 sessions for read:user,repo,user:email,workflow...
